<?xml version="1.0" encoding="utf-8"?>
<coverage line-rate="0.9295" branch-rate="0.8454999999999999" version="1.9" timestamp="1766279803" lines-covered="211" lines-valid="227" branches-covered="115" branches-valid="136">
  <sources>
    <source>D:\Development\repos\dotNet\Runewire\src\Runewire.Domain\</source>
  </sources>
  <packages>
    <package name="Runewire.Domain" line-rate="0.9295" branch-rate="0.8454999999999999" complexity="190">
      <classes>
        <class name="Runewire.Domain.Validation.BasicRecipeValidator" filename="Validation\BasicRecipeValidator.cs" line-rate="0.9215000000000001" branch-rate="0.875" complexity="105">
          <methods>
            <method name="Validate" signature="(Runewire.Domain.Recipes.RunewireRecipe)" line-rate="1" branch-rate="1" complexity="2">
              <lines>
                <line number="18" hits="21" branch="False" />
                <line number="20" hits="20" branch="False" />
                <line number="22" hits="20" branch="False" />
                <line number="23" hits="20" branch="False" />
                <line number="24" hits="20" branch="False" />
                <line number="25" hits="20" branch="False" />
                <line number="26" hits="20" branch="False" />
                <line number="27" hits="20" branch="False" />
                <line number="29" hits="20" branch="True" condition-coverage="100% (2/2)">
                  <conditions>
                    <condition number="67" type="jump" coverage="100%" />
                  </conditions>
                </line>
              </lines>
            </method>
            <method name="ValidateName" signature="(Runewire.Domain.Recipes.RunewireRecipe,System.Collections.Generic.List`1&lt;Runewire.Domain.Validation.RecipeValidationError&gt;)" line-rate="1" branch-rate="1" complexity="4">
              <lines>
                <line number="34" hits="20" branch="True" condition-coverage="100% (2/2)">
                  <conditions>
                    <condition number="11" type="jump" coverage="100%" />
                  </conditions>
                </line>
                <line number="36" hits="2" branch="False" />
                <line number="37" hits="2" branch="False" />
                <line number="41" hits="18" branch="True" condition-coverage="100% (2/2)">
                  <conditions>
                    <condition number="48" type="jump" coverage="100%" />
                  </conditions>
                </line>
                <line number="43" hits="1" branch="False" />
                <line number="45" hits="18" branch="False" />
              </lines>
            </method>
            <method name="ValidatePayloadPath" signature="(Runewire.Domain.Recipes.RunewireRecipe,System.Collections.Generic.List`1&lt;Runewire.Domain.Validation.RecipeValidationError&gt;)" line-rate="1" branch-rate="1" complexity="2">
              <lines>
                <line number="49" hits="20" branch="True" condition-coverage="100% (2/2)">
                  <conditions>
                    <condition number="11" type="jump" coverage="100%" />
                  </conditions>
                </line>
                <line number="51" hits="2" branch="False" />
                <line number="53" hits="20" branch="False" />
              </lines>
            </method>
            <method name="ValidateTechnique" signature="(Runewire.Domain.Recipes.RunewireRecipe,System.Collections.Generic.List`1&lt;Runewire.Domain.Validation.RecipeValidationError&gt;)" line-rate="1" branch-rate="1" complexity="18">
              <lines>
                <line number="57" hits="20" branch="False" />
                <line number="59" hits="20" branch="True" condition-coverage="100% (2/2)">
                  <conditions>
                    <condition number="18" type="jump" coverage="100%" />
                  </conditions>
                </line>
                <line number="61" hits="2" branch="False" />
                <line number="62" hits="2" branch="False" />
                <line number="65" hits="18" branch="True" condition-coverage="100% (2/2)">
                  <conditions>
                    <condition number="48" type="jump" coverage="100%" />
                  </conditions>
                </line>
                <line number="67" hits="12" branch="False" />
                <line number="70" hits="6" branch="False" />
                <line number="71" hits="6" branch="True" condition-coverage="100% (2/2)">
                  <conditions>
                    <condition number="65" type="jump" coverage="100%" />
                  </conditions>
                </line>
                <line number="73" hits="3" branch="False" />
                <line number="74" hits="3" branch="False" />
                <line number="77" hits="3" branch="True" condition-coverage="100% (4/4)">
                  <conditions>
                    <condition number="106" type="jump" coverage="100%" />
                    <condition number="114" type="jump" coverage="100%" />
                  </conditions>
                </line>
                <line number="79" hits="1" branch="False" />
                <line number="82" hits="3" branch="True" condition-coverage="100% (4/4)">
                  <conditions>
                    <condition number="154" type="jump" coverage="100%" />
                    <condition number="162" type="jump" coverage="100%" />
                  </conditions>
                </line>
                <line number="84" hits="1" branch="False" />
                <line number="87" hits="9" branch="True" condition-coverage="100% (2/2)">
                  <conditions>
                    <condition number="368" type="jump" coverage="100%" />
                  </conditions>
                </line>
                <line number="89" hits="1" branch="True" condition-coverage="100% (2/2)">
                  <conditions>
                    <condition number="270" type="jump" coverage="100%" />
                  </conditions>
                </line>
                <line number="91" hits="1" branch="False" />
                <line number="94" hits="3" branch="False" />
              </lines>
            </method>
            <method name="ValidateTarget" signature="(Runewire.Domain.Recipes.RunewireRecipe,System.Collections.Generic.List`1&lt;Runewire.Domain.Validation.RecipeValidationError&gt;)" line-rate="0.9166" branch-rate="0.9229999999999999" complexity="13">
              <lines>
                <line number="98" hits="20" branch="True" condition-coverage="80% (4/5)">
                  <conditions>
                    <condition number="13" type="switch" coverage="80%" />
                  </conditions>
                </line>
                <line number="104" hits="2" branch="True" condition-coverage="100% (4/4)">
                  <conditions>
                    <condition number="58" type="jump" coverage="100%" />
                    <condition number="95" type="jump" coverage="100%" />
                  </conditions>
                </line>
                <line number="106" hits="2" branch="False" />
                <line number="108" hits="2" branch="False" />
                <line number="111" hits="17" branch="True" condition-coverage="100% (2/2)">
                  <conditions>
                    <condition number="138" type="jump" coverage="100%" />
                  </conditions>
                </line>
                <line number="113" hits="1" branch="False" />
                <line number="115" hits="1" branch="False" />
                <line number="118" hits="1" branch="True" condition-coverage="100% (2/2)">
                  <conditions>
                    <condition number="181" type="jump" coverage="100%" />
                  </conditions>
                </line>
                <line number="120" hits="1" branch="False" />
                <line number="122" hits="1" branch="False" />
                <line number="125" hits="0" branch="False" />
                <line number="128" hits="16" branch="False" />
              </lines>
            </method>
            <method name="ValidateSafety" signature="(Runewire.Domain.Recipes.RunewireRecipe,System.Collections.Generic.List`1&lt;Runewire.Domain.Validation.RecipeValidationError&gt;)" line-rate="1" branch-rate="1" complexity="4">
              <lines>
                <line number="133" hits="20" branch="True" condition-coverage="100% (4/4)">
                  <conditions>
                    <condition number="6" type="jump" coverage="100%" />
                    <condition number="14" type="jump" coverage="100%" />
                  </conditions>
                </line>
                <line number="135" hits="2" branch="False" />
                <line number="137" hits="20" branch="False" />
              </lines>
            </method>
            <method name="HasTechniqueParameter" signature="(Runewire.Domain.Recipes.InjectionTechnique,System.String)" line-rate="0.6666" branch-rate="0.5" complexity="4">
              <lines>
                <line number="141" hits="1" branch="True" condition-coverage="50% (1/2)">
                  <conditions>
                    <condition number="6" type="jump" coverage="50%" />
                  </conditions>
                </line>
                <line number="143" hits="0" branch="False" />
                <line number="146" hits="1" branch="True" condition-coverage="50% (1/2)">
                  <conditions>
                    <condition number="24" type="jump" coverage="50%" />
                  </conditions>
                </line>
              </lines>
            </method>
            <method name="ValidateSteps" signature="(Runewire.Domain.Recipes.RunewireRecipe,System.Collections.Generic.List`1&lt;Runewire.Domain.Validation.RecipeValidationError&gt;)" line-rate="0.96" branch-rate="0.9629000000000001" complexity="27">
              <lines>
                <line number="151" hits="20" branch="True" condition-coverage="100% (4/4)">
                  <conditions>
                    <condition number="6" type="jump" coverage="100%" />
                    <condition number="19" type="jump" coverage="100%" />
                  </conditions>
                </line>
                <line number="153" hits="14" branch="False" />
                <line number="156" hits="6" branch="False" />
                <line number="157" hits="24" branch="True" condition-coverage="100% (2/2)">
                  <conditions>
                    <condition number="662" type="jump" coverage="100%" />
                  </conditions>
                </line>
                <line number="159" hits="6" branch="True" condition-coverage="80% (4/5)">
                  <conditions>
                    <condition number="58" type="switch" coverage="80%" />
                  </conditions>
                </line>
                <line number="162" hits="3" branch="True" condition-coverage="100% (2/2)">
                  <conditions>
                    <condition number="95" type="jump" coverage="100%" />
                  </conditions>
                </line>
                <line number="164" hits="1" branch="False" />
                <line number="166" hits="3" branch="True" condition-coverage="100% (2/2)">
                  <conditions>
                    <condition number="173" type="jump" coverage="100%" />
                  </conditions>
                </line>
                <line number="168" hits="1" branch="False" />
                <line number="172" hits="2" branch="False" />
                <line number="174" hits="2" branch="False" />
                <line number="177" hits="3" branch="True" condition-coverage="100% (2/2)">
                  <conditions>
                    <condition number="274" type="jump" coverage="100%" />
                  </conditions>
                </line>
                <line number="178" hits="3" branch="False" />
                <line number="180" hits="3" branch="True" condition-coverage="100% (4/4)">
                  <conditions>
                    <condition number="325" type="jump" coverage="100%" />
                    <condition number="329" type="jump" coverage="100%" />
                  </conditions>
                </line>
                <line number="182" hits="1" branch="False" />
                <line number="185" hits="3" branch="True" condition-coverage="100% (2/2)">
                  <conditions>
                    <condition number="400" type="jump" coverage="100%" />
                  </conditions>
                </line>
                <line number="187" hits="1" branch="False" />
                <line number="190" hits="3" branch="True" condition-coverage="100% (2/2)">
                  <conditions>
                    <condition number="469" type="jump" coverage="100%" />
                  </conditions>
                </line>
                <line number="192" hits="2" branch="False" />
                <line number="194" hits="1" branch="True" condition-coverage="100% (2/2)">
                  <conditions>
                    <condition number="490" type="jump" coverage="100%" />
                  </conditions>
                </line>
                <line number="196" hits="1" branch="False" />
                <line number="198" hits="1" branch="False" />
                <line number="206" hits="0" branch="False" />
                <line number="210" hits="6" branch="False" />
                <line number="212" hits="6" branch="False" />
              </lines>
            </method>
            <method name="ValidateStepTechnique" signature="(Runewire.Domain.Recipes.RunewireRecipe,Runewire.Domain.Recipes.RecipeStep,System.Collections.Generic.List`1&lt;Runewire.Domain.Validation.RecipeValidationError&gt;)" line-rate="0.7857" branch-rate="0.7272" complexity="22">
              <lines>
                <line number="216" hits="2" branch="True" condition-coverage="50% (2/4)">
                  <conditions>
                    <condition number="6" type="jump" coverage="50%" />
                    <condition number="19" type="jump" coverage="50%" />
                  </conditions>
                </line>
                <line number="218" hits="0" branch="False" />
                <line number="221" hits="2" branch="False" />
                <line number="222" hits="2" branch="True" condition-coverage="100% (2/2)">
                  <conditions>
                    <condition number="41" type="jump" coverage="100%" />
                  </conditions>
                </line>
                <line number="224" hits="1" branch="False" />
                <line number="225" hits="1" branch="False" />
                <line number="228" hits="1" branch="True" condition-coverage="50% (2/4)">
                  <conditions>
                    <condition number="87" type="jump" coverage="50%" />
                    <condition number="95" type="jump" coverage="50%" />
                  </conditions>
                </line>
                <line number="230" hits="0" branch="False" />
                <line number="233" hits="1" branch="True" condition-coverage="50% (2/4)">
                  <conditions>
                    <condition number="140" type="jump" coverage="50%" />
                    <condition number="148" type="jump" coverage="50%" />
                  </conditions>
                </line>
                <line number="235" hits="0" branch="False" />
                <line number="238" hits="5" branch="True" condition-coverage="100% (2/2)">
                  <conditions>
                    <condition number="385" type="jump" coverage="100%" />
                  </conditions>
                </line>
                <line number="240" hits="1" branch="True" condition-coverage="100% (6/6)">
                  <conditions>
                    <condition number="253" type="jump" coverage="100%" />
                    <condition number="274" type="jump" coverage="100%" />
                    <condition number="282" type="jump" coverage="100%" />
                  </conditions>
                </line>
                <line number="242" hits="1" branch="False" />
                <line number="245" hits="1" branch="False" />
              </lines>
            </method>
            <method name="ValidateWaitCondition" signature="(Runewire.Domain.Recipes.WaitCondition,System.Int32,System.Collections.Generic.List`1&lt;Runewire.Domain.Validation.RecipeValidationError&gt;)" line-rate="0.7142000000000001" branch-rate="0.625" complexity="8">
              <lines>
                <line number="249" hits="2" branch="True" condition-coverage="100% (2/2)">
                  <conditions>
                    <condition number="11" type="jump" coverage="100%" />
                  </conditions>
                </line>
                <line number="251" hits="1" branch="False" />
                <line number="254" hits="2" branch="True" condition-coverage="50% (2/4)">
                  <conditions>
                    <condition number="92" type="jump" coverage="50%" />
                    <condition number="124" type="jump" coverage="50%" />
                  </conditions>
                </line>
                <line number="256" hits="0" branch="False" />
                <line number="259" hits="2" branch="True" condition-coverage="50% (1/2)">
                  <conditions>
                    <condition number="203" type="jump" coverage="50%" />
                  </conditions>
                </line>
                <line number="282" hits="0" branch="False" />
                <line number="285" hits="2" branch="False" />
              </lines>
            </method>
            <method name=".ctor" signature="(Runewire.Domain.Techniques.IInjectionTechniqueRegistry)" line-rate="1" branch-rate="1" complexity="1">
              <lines>
                <line number="9" hits="21" branch="False" />
                <line number="11" hits="21" branch="False" />
              </lines>
            </method>
          </methods>
          <lines>
            <line number="18" hits="21" branch="False" />
            <line number="20" hits="20" branch="False" />
            <line number="22" hits="20" branch="False" />
            <line number="23" hits="20" branch="False" />
            <line number="24" hits="20" branch="False" />
            <line number="25" hits="20" branch="False" />
            <line number="26" hits="20" branch="False" />
            <line number="27" hits="20" branch="False" />
            <line number="29" hits="20" branch="True" condition-coverage="100% (2/2)">
              <conditions>
                <condition number="67" type="jump" coverage="100%" />
              </conditions>
            </line>
            <line number="34" hits="20" branch="True" condition-coverage="100% (2/2)">
              <conditions>
                <condition number="11" type="jump" coverage="100%" />
              </conditions>
            </line>
            <line number="36" hits="2" branch="False" />
            <line number="37" hits="2" branch="False" />
            <line number="41" hits="18" branch="True" condition-coverage="100% (2/2)">
              <conditions>
                <condition number="48" type="jump" coverage="100%" />
              </conditions>
            </line>
            <line number="43" hits="1" branch="False" />
            <line number="45" hits="18" branch="False" />
            <line number="49" hits="20" branch="True" condition-coverage="100% (2/2)">
              <conditions>
                <condition number="11" type="jump" coverage="100%" />
              </conditions>
            </line>
            <line number="51" hits="2" branch="False" />
            <line number="53" hits="20" branch="False" />
            <line number="57" hits="20" branch="False" />
            <line number="59" hits="20" branch="True" condition-coverage="100% (2/2)">
              <conditions>
                <condition number="18" type="jump" coverage="100%" />
              </conditions>
            </line>
            <line number="61" hits="2" branch="False" />
            <line number="62" hits="2" branch="False" />
            <line number="65" hits="18" branch="True" condition-coverage="100% (2/2)">
              <conditions>
                <condition number="48" type="jump" coverage="100%" />
              </conditions>
            </line>
            <line number="67" hits="12" branch="False" />
            <line number="70" hits="6" branch="False" />
            <line number="71" hits="6" branch="True" condition-coverage="100% (2/2)">
              <conditions>
                <condition number="65" type="jump" coverage="100%" />
              </conditions>
            </line>
            <line number="73" hits="3" branch="False" />
            <line number="74" hits="3" branch="False" />
            <line number="77" hits="3" branch="True" condition-coverage="100% (4/4)">
              <conditions>
                <condition number="106" type="jump" coverage="100%" />
                <condition number="114" type="jump" coverage="100%" />
              </conditions>
            </line>
            <line number="79" hits="1" branch="False" />
            <line number="82" hits="3" branch="True" condition-coverage="100% (4/4)">
              <conditions>
                <condition number="154" type="jump" coverage="100%" />
                <condition number="162" type="jump" coverage="100%" />
              </conditions>
            </line>
            <line number="84" hits="1" branch="False" />
            <line number="87" hits="9" branch="True" condition-coverage="100% (2/2)">
              <conditions>
                <condition number="368" type="jump" coverage="100%" />
              </conditions>
            </line>
            <line number="89" hits="1" branch="True" condition-coverage="100% (2/2)">
              <conditions>
                <condition number="270" type="jump" coverage="100%" />
              </conditions>
            </line>
            <line number="91" hits="1" branch="False" />
            <line number="94" hits="3" branch="False" />
            <line number="98" hits="20" branch="True" condition-coverage="80% (4/5)">
              <conditions>
                <condition number="13" type="switch" coverage="80%" />
              </conditions>
            </line>
            <line number="104" hits="2" branch="True" condition-coverage="100% (4/4)">
              <conditions>
                <condition number="58" type="jump" coverage="100%" />
                <condition number="95" type="jump" coverage="100%" />
              </conditions>
            </line>
            <line number="106" hits="2" branch="False" />
            <line number="108" hits="2" branch="False" />
            <line number="111" hits="17" branch="True" condition-coverage="100% (2/2)">
              <conditions>
                <condition number="138" type="jump" coverage="100%" />
              </conditions>
            </line>
            <line number="113" hits="1" branch="False" />
            <line number="115" hits="1" branch="False" />
            <line number="118" hits="1" branch="True" condition-coverage="100% (2/2)">
              <conditions>
                <condition number="181" type="jump" coverage="100%" />
              </conditions>
            </line>
            <line number="120" hits="1" branch="False" />
            <line number="122" hits="1" branch="False" />
            <line number="125" hits="0" branch="False" />
            <line number="128" hits="16" branch="False" />
            <line number="133" hits="20" branch="True" condition-coverage="100% (4/4)">
              <conditions>
                <condition number="6" type="jump" coverage="100%" />
                <condition number="14" type="jump" coverage="100%" />
              </conditions>
            </line>
            <line number="135" hits="2" branch="False" />
            <line number="137" hits="20" branch="False" />
            <line number="141" hits="1" branch="True" condition-coverage="50% (1/2)">
              <conditions>
                <condition number="6" type="jump" coverage="50%" />
              </conditions>
            </line>
            <line number="143" hits="0" branch="False" />
            <line number="146" hits="1" branch="True" condition-coverage="50% (1/2)">
              <conditions>
                <condition number="24" type="jump" coverage="50%" />
              </conditions>
            </line>
            <line number="151" hits="20" branch="True" condition-coverage="100% (4/4)">
              <conditions>
                <condition number="6" type="jump" coverage="100%" />
                <condition number="19" type="jump" coverage="100%" />
              </conditions>
            </line>
            <line number="153" hits="14" branch="False" />
            <line number="156" hits="6" branch="False" />
            <line number="157" hits="24" branch="True" condition-coverage="100% (2/2)">
              <conditions>
                <condition number="662" type="jump" coverage="100%" />
              </conditions>
            </line>
            <line number="159" hits="6" branch="True" condition-coverage="80% (4/5)">
              <conditions>
                <condition number="58" type="switch" coverage="80%" />
              </conditions>
            </line>
            <line number="162" hits="3" branch="True" condition-coverage="100% (2/2)">
              <conditions>
                <condition number="95" type="jump" coverage="100%" />
              </conditions>
            </line>
            <line number="164" hits="1" branch="False" />
            <line number="166" hits="3" branch="True" condition-coverage="100% (2/2)">
              <conditions>
                <condition number="173" type="jump" coverage="100%" />
              </conditions>
            </line>
            <line number="168" hits="1" branch="False" />
            <line number="172" hits="2" branch="False" />
            <line number="174" hits="2" branch="False" />
            <line number="177" hits="3" branch="True" condition-coverage="100% (2/2)">
              <conditions>
                <condition number="274" type="jump" coverage="100%" />
              </conditions>
            </line>
            <line number="178" hits="3" branch="False" />
            <line number="180" hits="3" branch="True" condition-coverage="100% (4/4)">
              <conditions>
                <condition number="325" type="jump" coverage="100%" />
                <condition number="329" type="jump" coverage="100%" />
              </conditions>
            </line>
            <line number="182" hits="1" branch="False" />
            <line number="185" hits="3" branch="True" condition-coverage="100% (2/2)">
              <conditions>
                <condition number="400" type="jump" coverage="100%" />
              </conditions>
            </line>
            <line number="187" hits="1" branch="False" />
            <line number="190" hits="3" branch="True" condition-coverage="100% (2/2)">
              <conditions>
                <condition number="469" type="jump" coverage="100%" />
              </conditions>
            </line>
            <line number="192" hits="2" branch="False" />
            <line number="194" hits="1" branch="True" condition-coverage="100% (2/2)">
              <conditions>
                <condition number="490" type="jump" coverage="100%" />
              </conditions>
            </line>
            <line number="196" hits="1" branch="False" />
            <line number="198" hits="1" branch="False" />
            <line number="206" hits="0" branch="False" />
            <line number="210" hits="6" branch="False" />
            <line number="212" hits="6" branch="False" />
            <line number="216" hits="2" branch="True" condition-coverage="50% (2/4)">
              <conditions>
                <condition number="6" type="jump" coverage="50%" />
                <condition number="19" type="jump" coverage="50%" />
              </conditions>
            </line>
            <line number="218" hits="0" branch="False" />
            <line number="221" hits="2" branch="False" />
            <line number="222" hits="2" branch="True" condition-coverage="100% (2/2)">
              <conditions>
                <condition number="41" type="jump" coverage="100%" />
              </conditions>
            </line>
            <line number="224" hits="1" branch="False" />
            <line number="225" hits="1" branch="False" />
            <line number="228" hits="1" branch="True" condition-coverage="50% (2/4)">
              <conditions>
                <condition number="87" type="jump" coverage="50%" />
                <condition number="95" type="jump" coverage="50%" />
              </conditions>
            </line>
            <line number="230" hits="0" branch="False" />
            <line number="233" hits="1" branch="True" condition-coverage="50% (2/4)">
              <conditions>
                <condition number="140" type="jump" coverage="50%" />
                <condition number="148" type="jump" coverage="50%" />
              </conditions>
            </line>
            <line number="235" hits="0" branch="False" />
            <line number="238" hits="5" branch="True" condition-coverage="100% (2/2)">
              <conditions>
                <condition number="385" type="jump" coverage="100%" />
              </conditions>
            </line>
            <line number="240" hits="1" branch="True" condition-coverage="100% (6/6)">
              <conditions>
                <condition number="253" type="jump" coverage="100%" />
                <condition number="274" type="jump" coverage="100%" />
                <condition number="282" type="jump" coverage="100%" />
              </conditions>
            </line>
            <line number="242" hits="1" branch="False" />
            <line number="245" hits="1" branch="False" />
            <line number="249" hits="2" branch="True" condition-coverage="100% (2/2)">
              <conditions>
                <condition number="11" type="jump" coverage="100%" />
              </conditions>
            </line>
            <line number="251" hits="1" branch="False" />
            <line number="254" hits="2" branch="True" condition-coverage="50% (2/4)">
              <conditions>
                <condition number="92" type="jump" coverage="50%" />
                <condition number="124" type="jump" coverage="50%" />
              </conditions>
            </line>
            <line number="256" hits="0" branch="False" />
            <line number="259" hits="2" branch="True" condition-coverage="50% (1/2)">
              <conditions>
                <condition number="203" type="jump" coverage="50%" />
              </conditions>
            </line>
            <line number="282" hits="0" branch="False" />
            <line number="285" hits="2" branch="False" />
            <line number="9" hits="21" branch="False" />
            <line number="11" hits="21" branch="False" />
          </lines>
        </class>
        <class name="Runewire.Domain.Validation.RecipeValidationError" filename="Validation\RecipeValidationError.cs" line-rate="1" branch-rate="1" complexity="1">
          <methods>
            <method name="get_Code" signature="()" line-rate="1" branch-rate="1" complexity="1">
              <lines>
                <line number="6" hits="64" branch="False" />
              </lines>
            </method>
          </methods>
          <lines>
            <line number="6" hits="64" branch="False" />
          </lines>
        </class>
        <class name="Runewire.Domain.Validation.RecipeValidationResult" filename="Validation\RecipeValidationResult.cs" line-rate="1" branch-rate="0.5" complexity="6">
          <methods>
            <method name="get_IsValid" signature="()" line-rate="1" branch-rate="1" complexity="1">
              <lines>
                <line number="7" hits="65" branch="False" />
              </lines>
            </method>
            <method name="Success" signature="()" line-rate="1" branch-rate="1" complexity="1">
              <lines>
                <line number="12" hits="1" branch="False" />
              </lines>
            </method>
            <method name="Failure" signature="(System.Collections.Generic.IEnumerable`1&lt;Runewire.Domain.Validation.RecipeValidationError&gt;)" line-rate="1" branch-rate="0.5" complexity="4">
              <lines>
                <line number="19" hits="19" branch="True" condition-coverage="50% (2/4)">
                  <conditions>
                    <condition number="1" type="jump" coverage="50%" />
                    <condition number="13" type="jump" coverage="50%" />
                  </conditions>
                </line>
                <line number="20" hits="19" branch="False" />
              </lines>
            </method>
          </methods>
          <lines>
            <line number="7" hits="65" branch="False" />
            <line number="12" hits="1" branch="False" />
            <line number="19" hits="19" branch="True" condition-coverage="50% (2/4)">
              <conditions>
                <condition number="1" type="jump" coverage="50%" />
                <condition number="13" type="jump" coverage="50%" />
              </conditions>
            </line>
            <line number="20" hits="19" branch="False" />
          </lines>
        </class>
        <class name="Runewire.Domain.Techniques.InjectionTechniqueDescriptor" filename="Techniques\InjectionTechniqueDescriptor.cs" line-rate="1" branch-rate="0.8181" complexity="33">
          <methods>
            <method name="get_Id" signature="()" line-rate="1" branch-rate="1" complexity="1">
              <lines>
                <line number="69" hits="1" branch="False" />
              </lines>
            </method>
            <method name="get_Name" signature="()" line-rate="1" branch-rate="1" complexity="1">
              <lines>
                <line number="74" hits="10" branch="False" />
              </lines>
            </method>
            <method name="get_DisplayName" signature="()" line-rate="1" branch-rate="1" complexity="1">
              <lines>
                <line number="79" hits="1" branch="False" />
              </lines>
            </method>
            <method name="get_Category" signature="()" line-rate="1" branch-rate="1" complexity="1">
              <lines>
                <line number="84" hits="1" branch="False" />
              </lines>
            </method>
            <method name="get_Description" signature="()" line-rate="1" branch-rate="1" complexity="1">
              <lines>
                <line number="89" hits="1" branch="False" />
              </lines>
            </method>
            <method name="get_RequiresKernelMode" signature="()" line-rate="1" branch-rate="1" complexity="1">
              <lines>
                <line number="94" hits="5" branch="False" />
              </lines>
            </method>
            <method name="get_Platforms" signature="()" line-rate="1" branch-rate="1" complexity="1">
              <lines>
                <line number="99" hits="1" branch="False" />
              </lines>
            </method>
            <method name="get_Parameters" signature="()" line-rate="1" branch-rate="1" complexity="1">
              <lines>
                <line number="104" hits="5" branch="False" />
              </lines>
            </method>
            <method name="get_Implemented" signature="()" line-rate="1" branch-rate="1" complexity="1">
              <lines>
                <line number="109" hits="1" branch="False" />
              </lines>
            </method>
            <method name="get_RequiresDriver" signature="()" line-rate="1" branch-rate="1" complexity="1">
              <lines>
                <line number="114" hits="5" branch="False" />
              </lines>
            </method>
            <method name="get_MinNativeVersion" signature="()" line-rate="1" branch-rate="1" complexity="1">
              <lines>
                <line number="119" hits="1" branch="False" />
              </lines>
            </method>
            <method name=".ctor" signature="(Runewire.Domain.Techniques.InjectionTechniqueId,System.String,System.String,System.String,System.String,System.Boolean,System.Collections.Generic.IEnumerable`1&lt;Runewire.Domain.Techniques.TechniquePlatform&gt;,System.Collections.Generic.IEnumerable`1&lt;Runewire.Domain.Techniques.TechniqueParameter&gt;,System.Boolean,System.Boolean,System.String)" line-rate="1" branch-rate="0.8181" complexity="22">
              <lines>
                <line number="8" hits="11" branch="False" />
                <line number="9" hits="11" branch="False" />
                <line number="10" hits="11" branch="False" />
                <line number="11" hits="11" branch="False" />
                <line number="12" hits="11" branch="False" />
                <line number="13" hits="11" branch="False" />
                <line number="14" hits="11" branch="False" />
                <line number="15" hits="11" branch="False" />
                <line number="16" hits="11" branch="False" />
                <line number="17" hits="11" branch="False" />
                <line number="18" hits="11" branch="False" />
                <line number="19" hits="11" branch="False" />
                <line number="21" hits="11" branch="True" condition-coverage="100% (2/2)">
                  <conditions>
                    <condition number="12" type="jump" coverage="100%" />
                  </conditions>
                </line>
                <line number="23" hits="1" branch="False" />
                <line number="26" hits="10" branch="True" condition-coverage="100% (2/2)">
                  <conditions>
                    <condition number="36" type="jump" coverage="100%" />
                  </conditions>
                </line>
                <line number="28" hits="1" branch="False" />
                <line number="31" hits="9" branch="True" condition-coverage="100% (2/2)">
                  <conditions>
                    <condition number="61" type="jump" coverage="100%" />
                  </conditions>
                </line>
                <line number="33" hits="1" branch="False" />
                <line number="36" hits="8" branch="True" condition-coverage="100% (2/2)">
                  <conditions>
                    <condition number="86" type="jump" coverage="100%" />
                  </conditions>
                </line>
                <line number="38" hits="1" branch="False" />
                <line number="41" hits="7" branch="True" condition-coverage="50% (2/4)">
                  <conditions>
                    <condition number="106" type="jump" coverage="50%" />
                    <condition number="119" type="jump" coverage="50%" />
                  </conditions>
                </line>
                <line number="42" hits="7" branch="True" condition-coverage="100% (2/2)">
                  <conditions>
                    <condition number="134" type="jump" coverage="100%" />
                  </conditions>
                </line>
                <line number="44" hits="1" branch="False" />
                <line number="47" hits="6" branch="True" condition-coverage="50% (2/4)">
                  <conditions>
                    <condition number="154" type="jump" coverage="50%" />
                    <condition number="167" type="jump" coverage="50%" />
                  </conditions>
                </line>
                <line number="48" hits="11" branch="True" condition-coverage="100% (2/2)">
                  <conditions>
                    <condition number="213" type="jump" coverage="100%" />
                  </conditions>
                </line>
                <line number="50" hits="1" branch="False" />
                <line number="53" hits="5" branch="False" />
                <line number="54" hits="5" branch="False" />
                <line number="55" hits="5" branch="False" />
                <line number="56" hits="5" branch="False" />
                <line number="57" hits="5" branch="False" />
                <line number="58" hits="5" branch="False" />
                <line number="59" hits="5" branch="False" />
                <line number="60" hits="5" branch="False" />
                <line number="61" hits="5" branch="False" />
                <line number="62" hits="5" branch="False" />
                <line number="63" hits="5" branch="True" condition-coverage="100% (2/2)">
                  <conditions>
                    <condition number="314" type="jump" coverage="100%" />
                  </conditions>
                </line>
                <line number="64" hits="5" branch="False" />
              </lines>
            </method>
          </methods>
          <lines>
            <line number="69" hits="1" branch="False" />
            <line number="74" hits="10" branch="False" />
            <line number="79" hits="1" branch="False" />
            <line number="84" hits="1" branch="False" />
            <line number="89" hits="1" branch="False" />
            <line number="94" hits="5" branch="False" />
            <line number="99" hits="1" branch="False" />
            <line number="104" hits="5" branch="False" />
            <line number="109" hits="1" branch="False" />
            <line number="114" hits="5" branch="False" />
            <line number="119" hits="1" branch="False" />
            <line number="8" hits="11" branch="False" />
            <line number="9" hits="11" branch="False" />
            <line number="10" hits="11" branch="False" />
            <line number="11" hits="11" branch="False" />
            <line number="12" hits="11" branch="False" />
            <line number="13" hits="11" branch="False" />
            <line number="14" hits="11" branch="False" />
            <line number="15" hits="11" branch="False" />
            <line number="16" hits="11" branch="False" />
            <line number="17" hits="11" branch="False" />
            <line number="18" hits="11" branch="False" />
            <line number="19" hits="11" branch="False" />
            <line number="21" hits="11" branch="True" condition-coverage="100% (2/2)">
              <conditions>
                <condition number="12" type="jump" coverage="100%" />
              </conditions>
            </line>
            <line number="23" hits="1" branch="False" />
            <line number="26" hits="10" branch="True" condition-coverage="100% (2/2)">
              <conditions>
                <condition number="36" type="jump" coverage="100%" />
              </conditions>
            </line>
            <line number="28" hits="1" branch="False" />
            <line number="31" hits="9" branch="True" condition-coverage="100% (2/2)">
              <conditions>
                <condition number="61" type="jump" coverage="100%" />
              </conditions>
            </line>
            <line number="33" hits="1" branch="False" />
            <line number="36" hits="8" branch="True" condition-coverage="100% (2/2)">
              <conditions>
                <condition number="86" type="jump" coverage="100%" />
              </conditions>
            </line>
            <line number="38" hits="1" branch="False" />
            <line number="41" hits="7" branch="True" condition-coverage="50% (2/4)">
              <conditions>
                <condition number="106" type="jump" coverage="50%" />
                <condition number="119" type="jump" coverage="50%" />
              </conditions>
            </line>
            <line number="42" hits="7" branch="True" condition-coverage="100% (2/2)">
              <conditions>
                <condition number="134" type="jump" coverage="100%" />
              </conditions>
            </line>
            <line number="44" hits="1" branch="False" />
            <line number="47" hits="6" branch="True" condition-coverage="50% (2/4)">
              <conditions>
                <condition number="154" type="jump" coverage="50%" />
                <condition number="167" type="jump" coverage="50%" />
              </conditions>
            </line>
            <line number="48" hits="11" branch="True" condition-coverage="100% (2/2)">
              <conditions>
                <condition number="213" type="jump" coverage="100%" />
              </conditions>
            </line>
            <line number="50" hits="1" branch="False" />
            <line number="53" hits="5" branch="False" />
            <line number="54" hits="5" branch="False" />
            <line number="55" hits="5" branch="False" />
            <line number="56" hits="5" branch="False" />
            <line number="57" hits="5" branch="False" />
            <line number="58" hits="5" branch="False" />
            <line number="59" hits="5" branch="False" />
            <line number="60" hits="5" branch="False" />
            <line number="61" hits="5" branch="False" />
            <line number="62" hits="5" branch="False" />
            <line number="63" hits="5" branch="True" condition-coverage="100% (2/2)">
              <conditions>
                <condition number="314" type="jump" coverage="100%" />
              </conditions>
            </line>
            <line number="64" hits="5" branch="False" />
          </lines>
        </class>
        <class name="Runewire.Domain.Techniques.TechniqueParameter" filename="Techniques\TechniqueParameter.cs" line-rate="0.7142000000000001" branch-rate="0.6666" complexity="10">
          <methods>
            <method name="get_Name" signature="()" line-rate="1" branch-rate="1" complexity="1">
              <lines>
                <line number="26" hits="5" branch="False" />
              </lines>
            </method>
            <method name="get_Description" signature="()" line-rate="0" branch-rate="1" complexity="1">
              <lines>
                <line number="28" hits="0" branch="False" />
              </lines>
            </method>
            <method name="get_Required" signature="()" line-rate="1" branch-rate="1" complexity="1">
              <lines>
                <line number="30" hits="2" branch="False" />
              </lines>
            </method>
            <method name="get_DataType" signature="()" line-rate="0" branch-rate="1" complexity="1">
              <lines>
                <line number="32" hits="0" branch="False" />
              </lines>
            </method>
            <method name=".ctor" signature="(System.String,System.String,System.Boolean,System.String)" line-rate="0.8" branch-rate="0.6666" complexity="6">
              <lines>
                <line number="8" hits="4" branch="False" />
                <line number="10" hits="4" branch="True" condition-coverage="50% (1/2)">
                  <conditions>
                    <condition number="12" type="jump" coverage="50%" />
                  </conditions>
                </line>
                <line number="12" hits="0" branch="False" />
                <line number="15" hits="4" branch="True" condition-coverage="50% (1/2)">
                  <conditions>
                    <condition number="36" type="jump" coverage="50%" />
                  </conditions>
                </line>
                <line number="17" hits="0" branch="False" />
                <line number="20" hits="4" branch="False" />
                <line number="21" hits="4" branch="False" />
                <line number="22" hits="4" branch="False" />
                <line number="23" hits="4" branch="True" condition-coverage="100% (2/2)">
                  <conditions>
                    <condition number="79" type="jump" coverage="100%" />
                  </conditions>
                </line>
                <line number="24" hits="4" branch="False" />
              </lines>
            </method>
          </methods>
          <lines>
            <line number="26" hits="5" branch="False" />
            <line number="28" hits="0" branch="False" />
            <line number="30" hits="2" branch="False" />
            <line number="32" hits="0" branch="False" />
            <line number="8" hits="4" branch="False" />
            <line number="10" hits="4" branch="True" condition-coverage="50% (1/2)">
              <conditions>
                <condition number="12" type="jump" coverage="50%" />
              </conditions>
            </line>
            <line number="12" hits="0" branch="False" />
            <line number="15" hits="4" branch="True" condition-coverage="50% (1/2)">
              <conditions>
                <condition number="36" type="jump" coverage="50%" />
              </conditions>
            </line>
            <line number="17" hits="0" branch="False" />
            <line number="20" hits="4" branch="False" />
            <line number="21" hits="4" branch="False" />
            <line number="22" hits="4" branch="False" />
            <line number="23" hits="4" branch="True" condition-coverage="100% (2/2)">
              <conditions>
                <condition number="79" type="jump" coverage="100%" />
              </conditions>
            </line>
            <line number="24" hits="4" branch="False" />
          </lines>
        </class>
        <class name="Runewire.Domain.Recipes.InjectionTechnique" filename="Recipes\InjectionTechnique.cs" line-rate="1" branch-rate="1" complexity="1">
          <methods>
            <method name="get_Name" signature="()" line-rate="1" branch-rate="1" complexity="1">
              <lines>
                <line number="7" hits="47" branch="False" />
              </lines>
            </method>
          </methods>
          <lines>
            <line number="7" hits="47" branch="False" />
          </lines>
        </class>
        <class name="Runewire.Domain.Recipes.RecipeStep" filename="Recipes\RecipeStep.cs" line-rate="0.92" branch-rate="1" complexity="12">
          <methods>
            <method name="get_Kind" signature="()" line-rate="1" branch-rate="1" complexity="1">
              <lines>
                <line number="8" hits="12" branch="False" />
              </lines>
            </method>
            <method name="get_TechniqueName" signature="()" line-rate="1" branch-rate="1" complexity="1">
              <lines>
                <line number="10" hits="12" branch="False" />
              </lines>
            </method>
            <method name="get_TechniqueParameters" signature="()" line-rate="1" branch-rate="1" complexity="1">
              <lines>
                <line number="12" hits="5" branch="False" />
              </lines>
            </method>
            <method name="get_PayloadPath" signature="()" line-rate="1" branch-rate="1" complexity="1">
              <lines>
                <line number="14" hits="6" branch="False" />
              </lines>
            </method>
            <method name="get_WaitMilliseconds" signature="()" line-rate="1" branch-rate="1" complexity="1">
              <lines>
                <line number="16" hits="7" branch="False" />
              </lines>
            </method>
            <method name="get_Condition" signature="()" line-rate="1" branch-rate="1" complexity="1">
              <lines>
                <line number="18" hits="7" branch="False" />
              </lines>
            </method>
            <method name="Inject" signature="(System.String,System.String,System.Collections.Generic.IReadOnlyDictionary`2&lt;System.String,System.String&gt;)" line-rate="1" branch-rate="1" complexity="1">
              <lines>
                <line number="26" hits="3" branch="False" />
                <line number="27" hits="3" branch="False" />
                <line number="28" hits="3" branch="False" />
                <line number="29" hits="3" branch="False" />
                <line number="30" hits="3" branch="False" />
                <line number="31" hits="3" branch="False" />
              </lines>
            </method>
            <method name="Wait" signature="(System.Int32)" line-rate="1" branch-rate="1" complexity="1">
              <lines>
                <line number="34" hits="1" branch="False" />
                <line number="35" hits="1" branch="False" />
                <line number="36" hits="1" branch="False" />
                <line number="37" hits="1" branch="False" />
              </lines>
            </method>
            <method name="Suspend" signature="()" line-rate="0" branch-rate="1" complexity="1">
              <lines>
                <line number="39" hits="0" branch="False" />
              </lines>
            </method>
            <method name="Resume" signature="()" line-rate="0" branch-rate="1" complexity="1">
              <lines>
                <line number="41" hits="0" branch="False" />
              </lines>
            </method>
            <method name="WaitFor" signature="(Runewire.Domain.Recipes.WaitCondition)" line-rate="1" branch-rate="1" complexity="1">
              <lines>
                <line number="44" hits="1" branch="False" />
                <line number="45" hits="1" branch="False" />
                <line number="46" hits="1" branch="False" />
                <line number="47" hits="1" branch="False" />
              </lines>
            </method>
            <method name=".ctor" signature="(Runewire.Domain.Recipes.RecipeStepKind)" line-rate="1" branch-rate="1" complexity="1">
              <lines>
                <line number="20" hits="6" branch="False" />
                <line number="22" hits="6" branch="False" />
                <line number="23" hits="6" branch="False" />
              </lines>
            </method>
          </methods>
          <lines>
            <line number="8" hits="12" branch="False" />
            <line number="10" hits="12" branch="False" />
            <line number="12" hits="5" branch="False" />
            <line number="14" hits="6" branch="False" />
            <line number="16" hits="7" branch="False" />
            <line number="18" hits="7" branch="False" />
            <line number="26" hits="3" branch="False" />
            <line number="27" hits="3" branch="False" />
            <line number="28" hits="3" branch="False" />
            <line number="29" hits="3" branch="False" />
            <line number="30" hits="3" branch="False" />
            <line number="31" hits="3" branch="False" />
            <line number="34" hits="1" branch="False" />
            <line number="35" hits="1" branch="False" />
            <line number="36" hits="1" branch="False" />
            <line number="37" hits="1" branch="False" />
            <line number="39" hits="0" branch="False" />
            <line number="41" hits="0" branch="False" />
            <line number="44" hits="1" branch="False" />
            <line number="45" hits="1" branch="False" />
            <line number="46" hits="1" branch="False" />
            <line number="47" hits="1" branch="False" />
            <line number="20" hits="6" branch="False" />
            <line number="22" hits="6" branch="False" />
            <line number="23" hits="6" branch="False" />
          </lines>
        </class>
        <class name="Runewire.Domain.Recipes.RecipeTarget" filename="Recipes\RecipeTarget.cs" line-rate="0.95" branch-rate="1" complexity="12">
          <methods>
            <method name="get_Kind" signature="()" line-rate="1" branch-rate="1" complexity="1">
              <lines>
                <line number="11" hits="43" branch="False" />
              </lines>
            </method>
            <method name="get_ProcessId" signature="()" line-rate="1" branch-rate="1" complexity="1">
              <lines>
                <line number="16" hits="27" branch="False" />
              </lines>
            </method>
            <method name="get_ProcessName" signature="()" line-rate="1" branch-rate="1" complexity="1">
              <lines>
                <line number="21" hits="40" branch="False" />
              </lines>
            </method>
            <method name="get_LaunchPath" signature="()" line-rate="1" branch-rate="1" complexity="1">
              <lines>
                <line number="26" hits="24" branch="False" />
              </lines>
            </method>
            <method name="get_LaunchArguments" signature="()" line-rate="1" branch-rate="1" complexity="1">
              <lines>
                <line number="31" hits="23" branch="False" />
              </lines>
            </method>
            <method name="get_LaunchWorkingDirectory" signature="()" line-rate="1" branch-rate="1" complexity="1">
              <lines>
                <line number="36" hits="23" branch="False" />
              </lines>
            </method>
            <method name="get_LaunchStartSuspended" signature="()" line-rate="1" branch-rate="1" complexity="1">
              <lines>
                <line number="41" hits="23" branch="False" />
              </lines>
            </method>
            <method name="Self" signature="()" line-rate="0" branch-rate="1" complexity="1">
              <lines>
                <line number="57" hits="0" branch="False" />
              </lines>
            </method>
            <method name="ForProcessId" signature="(System.Int32)" line-rate="1" branch-rate="1" complexity="1">
              <lines>
                <line number="62" hits="2" branch="False" />
              </lines>
            </method>
            <method name="ForProcessName" signature="(System.String)" line-rate="1" branch-rate="1" complexity="1">
              <lines>
                <line number="67" hits="20" branch="False" />
              </lines>
            </method>
            <method name="ForLaunchProcess" signature="(System.String,System.String,System.String,System.Boolean)" line-rate="1" branch-rate="1" complexity="1">
              <lines>
                <line number="73" hits="1" branch="False" />
              </lines>
            </method>
            <method name=".ctor" signature="(Runewire.Domain.Recipes.RecipeTargetKind,System.Nullable`1&lt;System.Int32&gt;,System.String,System.String,System.String,System.String,System.Boolean)" line-rate="1" branch-rate="1" complexity="1">
              <lines>
                <line number="43" hits="23" branch="False" />
                <line number="45" hits="23" branch="False" />
                <line number="46" hits="23" branch="False" />
                <line number="47" hits="23" branch="False" />
                <line number="48" hits="23" branch="False" />
                <line number="49" hits="23" branch="False" />
                <line number="50" hits="23" branch="False" />
                <line number="51" hits="23" branch="False" />
                <line number="52" hits="23" branch="False" />
              </lines>
            </method>
          </methods>
          <lines>
            <line number="11" hits="43" branch="False" />
            <line number="16" hits="27" branch="False" />
            <line number="21" hits="40" branch="False" />
            <line number="26" hits="24" branch="False" />
            <line number="31" hits="23" branch="False" />
            <line number="36" hits="23" branch="False" />
            <line number="41" hits="23" branch="False" />
            <line number="57" hits="0" branch="False" />
            <line number="62" hits="2" branch="False" />
            <line number="67" hits="20" branch="False" />
            <line number="73" hits="1" branch="False" />
            <line number="43" hits="23" branch="False" />
            <line number="45" hits="23" branch="False" />
            <line number="46" hits="23" branch="False" />
            <line number="47" hits="23" branch="False" />
            <line number="48" hits="23" branch="False" />
            <line number="49" hits="23" branch="False" />
            <line number="50" hits="23" branch="False" />
            <line number="51" hits="23" branch="False" />
            <line number="52" hits="23" branch="False" />
          </lines>
        </class>
        <class name="Runewire.Domain.Recipes.RunewireRecipe" filename="Recipes\RunewireRecipe.cs" line-rate="0.9" branch-rate="1" complexity="9">
          <methods>
            <method name="get_Name" signature="()" line-rate="1" branch-rate="1" complexity="1">
              <lines>
                <line number="7" hits="40" branch="False" />
              </lines>
            </method>
            <method name="get_Description" signature="()" line-rate="0" branch-rate="1" complexity="1">
              <lines>
                <line number="8" hits="0" branch="False" />
              </lines>
            </method>
            <method name="get_Target" signature="()" line-rate="1" branch-rate="1" complexity="1">
              <lines>
                <line number="9" hits="45" branch="False" />
              </lines>
            </method>
            <method name="get_Technique" signature="()" line-rate="1" branch-rate="1" complexity="1">
              <lines>
                <line number="10" hits="26" branch="False" />
              </lines>
            </method>
            <method name="get_PayloadPath" signature="()" line-rate="1" branch-rate="1" complexity="1">
              <lines>
                <line number="11" hits="21" branch="False" />
              </lines>
            </method>
            <method name="get_RequireInteractiveConsent" signature="()" line-rate="1" branch-rate="1" complexity="1">
              <lines>
                <line number="12" hits="4" branch="False" />
              </lines>
            </method>
            <method name="get_AllowKernelDrivers" signature="()" line-rate="1" branch-rate="1" complexity="1">
              <lines>
                <line number="13" hits="25" branch="False" />
              </lines>
            </method>
            <method name="get_Steps" signature="()" line-rate="1" branch-rate="1" complexity="1">
              <lines>
                <line number="14" hits="38" branch="False" />
              </lines>
            </method>
            <method name=".ctor" signature="(System.String,System.String,Runewire.Domain.Recipes.RecipeTarget,Runewire.Domain.Recipes.InjectionTechnique,System.String,System.Boolean,System.Boolean,System.Collections.Generic.IReadOnlyList`1&lt;Runewire.Domain.Recipes.RecipeStep&gt;)" line-rate="1" branch-rate="1" complexity="1">
              <lines>
                <line number="6" hits="20" branch="False" />
                <line number="15" hits="20" branch="False" />
              </lines>
            </method>
          </methods>
          <lines>
            <line number="7" hits="40" branch="False" />
            <line number="8" hits="0" branch="False" />
            <line number="9" hits="45" branch="False" />
            <line number="10" hits="26" branch="False" />
            <line number="11" hits="21" branch="False" />
            <line number="12" hits="4" branch="False" />
            <line number="13" hits="25" branch="False" />
            <line number="14" hits="38" branch="False" />
            <line number="6" hits="20" branch="False" />
            <line number="15" hits="20" branch="False" />
          </lines>
        </class>
        <class name="Runewire.Domain.Recipes.WaitCondition" filename="Recipes\WaitCondition.cs" line-rate="1" branch-rate="1" complexity="1">
          <methods>
            <method name="get_Kind" signature="()" line-rate="1" branch-rate="1" complexity="1">
              <lines>
                <line number="6" hits="8" branch="False" />
              </lines>
            </method>
          </methods>
          <lines>
            <line number="6" hits="8" branch="False" />
          </lines>
        </class>
      </classes>
    </package>
  </packages>
</coverage>