<?xml version="1.0" encoding="utf-8"?>
<coverage line-rate="0.8792" branch-rate="0.439" version="1.9" timestamp="1766279553" lines-covered="932" lines-valid="1060" branches-covered="180" branches-valid="410">
  <sources>
    <source>D:\Development\repos\dotNet\Runewire\src\</source>
  </sources>
  <packages>
    <package name="Runewire.Core.Infrastructure" line-rate="0.9218999999999999" branch-rate="0.354" complexity="310">
      <classes>
        <class name="Runewire.Core.Infrastructure.Validation.RecipeValidatorFactory" filename="Runewire.Core.Infrastructure\Validation\RecipeValidatorFactory.cs" line-rate="1" branch-rate="1" complexity="2">
          <methods>
            <method name="CreateDefaultValidator" signature="()" line-rate="1" branch-rate="1" complexity="1">
              <lines>
                <line number="20" hits="32" branch="False" />
              </lines>
            </method>
            <method name=".cctor" signature="()" line-rate="1" branch-rate="1" complexity="1">
              <lines>
                <line number="13" hits="1" branch="False" />
              </lines>
            </method>
          </methods>
          <lines>
            <line number="20" hits="32" branch="False" />
            <line number="13" hits="1" branch="False" />
          </lines>
        </class>
        <class name="Runewire.Core.Infrastructure.Techniques.BuiltInInjectionTechniqueRegistry" filename="Runewire.Core.Infrastructure\Techniques\BuiltInInjectionTechniqueRegistry.cs" line-rate="1" branch-rate="0.8332999999999999" complexity="8">
          <methods>
            <method name="GetAll" signature="()" line-rate="1" branch-rate="1" complexity="1">
              <lines>
                <line number="611" hits="1" branch="False" />
              </lines>
            </method>
            <method name="GetById" signature="(Runewire.Domain.Techniques.InjectionTechniqueId)" line-rate="1" branch-rate="0.5" complexity="2">
              <lines>
                <line number="615" hits="1" branch="True" condition-coverage="50% (1/2)">
                  <conditions>
                    <condition number="14" type="jump" coverage="50%" />
                  </conditions>
                </line>
              </lines>
            </method>
            <method name="GetByName" signature="(System.String)" line-rate="1" branch-rate="1" complexity="4">
              <lines>
                <line number="620" hits="43" branch="True" condition-coverage="100% (2/2)">
                  <conditions>
                    <condition number="6" type="jump" coverage="100%" />
                  </conditions>
                </line>
                <line number="622" hits="2" branch="False" />
                <line number="625" hits="41" branch="True" condition-coverage="100% (2/2)">
                  <conditions>
                    <condition number="24" type="jump" coverage="100%" />
                  </conditions>
                </line>
              </lines>
            </method>
            <method name=".ctor" signature="()" line-rate="1" branch-rate="1" complexity="1">
              <lines>
                <line number="20" hits="6" branch="False" />
                <line number="24" hits="6" branch="False" />
                <line number="25" hits="6" branch="False" />
                <line number="26" hits="6" branch="False" />
                <line number="27" hits="6" branch="False" />
                <line number="28" hits="6" branch="False" />
                <line number="29" hits="6" branch="False" />
                <line number="30" hits="6" branch="False" />
                <line number="31" hits="6" branch="False" />
                <line number="32" hits="6" branch="False" />
                <line number="33" hits="6" branch="False" />
                <line number="34" hits="6" branch="False" />
                <line number="35" hits="6" branch="False" />
                <line number="36" hits="6" branch="False" />
                <line number="37" hits="6" branch="False" />
                <line number="38" hits="6" branch="False" />
                <line number="39" hits="6" branch="False" />
                <line number="40" hits="6" branch="False" />
                <line number="41" hits="6" branch="False" />
                <line number="42" hits="6" branch="False" />
                <line number="43" hits="6" branch="False" />
                <line number="44" hits="6" branch="False" />
                <line number="45" hits="6" branch="False" />
                <line number="46" hits="6" branch="False" />
                <line number="47" hits="6" branch="False" />
                <line number="48" hits="6" branch="False" />
                <line number="49" hits="6" branch="False" />
                <line number="50" hits="6" branch="False" />
                <line number="51" hits="6" branch="False" />
                <line number="52" hits="6" branch="False" />
                <line number="53" hits="6" branch="False" />
                <line number="54" hits="6" branch="False" />
                <line number="55" hits="6" branch="False" />
                <line number="56" hits="6" branch="False" />
                <line number="57" hits="6" branch="False" />
                <line number="58" hits="6" branch="False" />
                <line number="59" hits="6" branch="False" />
                <line number="60" hits="6" branch="False" />
                <line number="61" hits="6" branch="False" />
                <line number="62" hits="6" branch="False" />
                <line number="63" hits="6" branch="False" />
                <line number="64" hits="6" branch="False" />
                <line number="65" hits="6" branch="False" />
                <line number="66" hits="6" branch="False" />
                <line number="67" hits="6" branch="False" />
                <line number="68" hits="6" branch="False" />
                <line number="69" hits="6" branch="False" />
                <line number="70" hits="6" branch="False" />
                <line number="71" hits="6" branch="False" />
                <line number="72" hits="6" branch="False" />
                <line number="73" hits="6" branch="False" />
                <line number="74" hits="6" branch="False" />
                <line number="75" hits="6" branch="False" />
                <line number="76" hits="6" branch="False" />
                <line number="77" hits="6" branch="False" />
                <line number="78" hits="6" branch="False" />
                <line number="79" hits="6" branch="False" />
                <line number="80" hits="6" branch="False" />
                <line number="81" hits="6" branch="False" />
                <line number="82" hits="6" branch="False" />
                <line number="83" hits="6" branch="False" />
                <line number="84" hits="6" branch="False" />
                <line number="85" hits="6" branch="False" />
                <line number="86" hits="6" branch="False" />
                <line number="87" hits="6" branch="False" />
                <line number="88" hits="6" branch="False" />
                <line number="89" hits="6" branch="False" />
                <line number="90" hits="6" branch="False" />
                <line number="91" hits="6" branch="False" />
                <line number="92" hits="6" branch="False" />
                <line number="93" hits="6" branch="False" />
                <line number="94" hits="6" branch="False" />
                <line number="95" hits="6" branch="False" />
                <line number="96" hits="6" branch="False" />
                <line number="97" hits="6" branch="False" />
                <line number="98" hits="6" branch="False" />
                <line number="99" hits="6" branch="False" />
                <line number="100" hits="6" branch="False" />
                <line number="101" hits="6" branch="False" />
                <line number="102" hits="6" branch="False" />
                <line number="103" hits="6" branch="False" />
                <line number="104" hits="6" branch="False" />
                <line number="105" hits="6" branch="False" />
                <line number="106" hits="6" branch="False" />
                <line number="107" hits="6" branch="False" />
                <line number="108" hits="6" branch="False" />
                <line number="109" hits="6" branch="False" />
                <line number="110" hits="6" branch="False" />
                <line number="111" hits="6" branch="False" />
                <line number="112" hits="6" branch="False" />
                <line number="113" hits="6" branch="False" />
                <line number="114" hits="6" branch="False" />
                <line number="115" hits="6" branch="False" />
                <line number="116" hits="6" branch="False" />
                <line number="117" hits="6" branch="False" />
                <line number="118" hits="6" branch="False" />
                <line number="119" hits="6" branch="False" />
                <line number="120" hits="6" branch="False" />
                <line number="121" hits="6" branch="False" />
                <line number="122" hits="6" branch="False" />
                <line number="123" hits="6" branch="False" />
                <line number="124" hits="6" branch="False" />
                <line number="125" hits="6" branch="False" />
                <line number="126" hits="6" branch="False" />
                <line number="127" hits="6" branch="False" />
                <line number="128" hits="6" branch="False" />
                <line number="129" hits="6" branch="False" />
                <line number="130" hits="6" branch="False" />
                <line number="131" hits="6" branch="False" />
                <line number="132" hits="6" branch="False" />
                <line number="133" hits="6" branch="False" />
                <line number="134" hits="6" branch="False" />
                <line number="135" hits="6" branch="False" />
                <line number="136" hits="6" branch="False" />
                <line number="137" hits="6" branch="False" />
                <line number="138" hits="6" branch="False" />
                <line number="139" hits="6" branch="False" />
                <line number="140" hits="6" branch="False" />
                <line number="141" hits="6" branch="False" />
                <line number="142" hits="6" branch="False" />
                <line number="143" hits="6" branch="False" />
                <line number="144" hits="6" branch="False" />
                <line number="145" hits="6" branch="False" />
                <line number="146" hits="6" branch="False" />
                <line number="147" hits="6" branch="False" />
                <line number="148" hits="6" branch="False" />
                <line number="149" hits="6" branch="False" />
                <line number="150" hits="6" branch="False" />
                <line number="151" hits="6" branch="False" />
                <line number="152" hits="6" branch="False" />
                <line number="153" hits="6" branch="False" />
                <line number="154" hits="6" branch="False" />
                <line number="155" hits="6" branch="False" />
                <line number="156" hits="6" branch="False" />
                <line number="157" hits="6" branch="False" />
                <line number="158" hits="6" branch="False" />
                <line number="159" hits="6" branch="False" />
                <line number="160" hits="6" branch="False" />
                <line number="161" hits="6" branch="False" />
                <line number="162" hits="6" branch="False" />
                <line number="163" hits="6" branch="False" />
                <line number="164" hits="6" branch="False" />
                <line number="165" hits="6" branch="False" />
                <line number="166" hits="6" branch="False" />
                <line number="167" hits="6" branch="False" />
                <line number="168" hits="6" branch="False" />
                <line number="169" hits="6" branch="False" />
                <line number="170" hits="6" branch="False" />
                <line number="171" hits="6" branch="False" />
                <line number="172" hits="6" branch="False" />
                <line number="173" hits="6" branch="False" />
                <line number="174" hits="6" branch="False" />
                <line number="175" hits="6" branch="False" />
                <line number="176" hits="6" branch="False" />
                <line number="177" hits="6" branch="False" />
                <line number="178" hits="6" branch="False" />
                <line number="179" hits="6" branch="False" />
                <line number="180" hits="6" branch="False" />
                <line number="181" hits="6" branch="False" />
                <line number="182" hits="6" branch="False" />
                <line number="183" hits="6" branch="False" />
                <line number="184" hits="6" branch="False" />
                <line number="185" hits="6" branch="False" />
                <line number="186" hits="6" branch="False" />
                <line number="187" hits="6" branch="False" />
                <line number="188" hits="6" branch="False" />
                <line number="189" hits="6" branch="False" />
                <line number="190" hits="6" branch="False" />
                <line number="191" hits="6" branch="False" />
                <line number="192" hits="6" branch="False" />
                <line number="193" hits="6" branch="False" />
                <line number="194" hits="6" branch="False" />
                <line number="195" hits="6" branch="False" />
                <line number="196" hits="6" branch="False" />
                <line number="197" hits="6" branch="False" />
                <line number="198" hits="6" branch="False" />
                <line number="199" hits="6" branch="False" />
                <line number="200" hits="6" branch="False" />
                <line number="201" hits="6" branch="False" />
                <line number="202" hits="6" branch="False" />
                <line number="203" hits="6" branch="False" />
                <line number="204" hits="6" branch="False" />
                <line number="205" hits="6" branch="False" />
                <line number="206" hits="6" branch="False" />
                <line number="207" hits="6" branch="False" />
                <line number="208" hits="6" branch="False" />
                <line number="209" hits="6" branch="False" />
                <line number="210" hits="6" branch="False" />
                <line number="211" hits="6" branch="False" />
                <line number="212" hits="6" branch="False" />
                <line number="213" hits="6" branch="False" />
                <line number="214" hits="6" branch="False" />
                <line number="215" hits="6" branch="False" />
                <line number="216" hits="6" branch="False" />
                <line number="217" hits="6" branch="False" />
                <line number="218" hits="6" branch="False" />
                <line number="219" hits="6" branch="False" />
                <line number="220" hits="6" branch="False" />
                <line number="221" hits="6" branch="False" />
                <line number="222" hits="6" branch="False" />
                <line number="223" hits="6" branch="False" />
                <line number="224" hits="6" branch="False" />
                <line number="225" hits="6" branch="False" />
                <line number="226" hits="6" branch="False" />
                <line number="227" hits="6" branch="False" />
                <line number="228" hits="6" branch="False" />
                <line number="229" hits="6" branch="False" />
                <line number="230" hits="6" branch="False" />
                <line number="231" hits="6" branch="False" />
                <line number="232" hits="6" branch="False" />
                <line number="233" hits="6" branch="False" />
                <line number="234" hits="6" branch="False" />
                <line number="235" hits="6" branch="False" />
                <line number="236" hits="6" branch="False" />
                <line number="237" hits="6" branch="False" />
                <line number="238" hits="6" branch="False" />
                <line number="239" hits="6" branch="False" />
                <line number="240" hits="6" branch="False" />
                <line number="241" hits="6" branch="False" />
                <line number="242" hits="6" branch="False" />
                <line number="243" hits="6" branch="False" />
                <line number="244" hits="6" branch="False" />
                <line number="245" hits="6" branch="False" />
                <line number="246" hits="6" branch="False" />
                <line number="247" hits="6" branch="False" />
                <line number="248" hits="6" branch="False" />
                <line number="249" hits="6" branch="False" />
                <line number="250" hits="6" branch="False" />
                <line number="251" hits="6" branch="False" />
                <line number="252" hits="6" branch="False" />
                <line number="253" hits="6" branch="False" />
                <line number="254" hits="6" branch="False" />
                <line number="255" hits="6" branch="False" />
                <line number="256" hits="6" branch="False" />
                <line number="257" hits="6" branch="False" />
                <line number="258" hits="6" branch="False" />
                <line number="259" hits="6" branch="False" />
                <line number="260" hits="6" branch="False" />
                <line number="261" hits="6" branch="False" />
                <line number="262" hits="6" branch="False" />
                <line number="263" hits="6" branch="False" />
                <line number="264" hits="6" branch="False" />
                <line number="265" hits="6" branch="False" />
                <line number="266" hits="6" branch="False" />
                <line number="267" hits="6" branch="False" />
                <line number="268" hits="6" branch="False" />
                <line number="269" hits="6" branch="False" />
                <line number="270" hits="6" branch="False" />
                <line number="271" hits="6" branch="False" />
                <line number="272" hits="6" branch="False" />
                <line number="273" hits="6" branch="False" />
                <line number="274" hits="6" branch="False" />
                <line number="275" hits="6" branch="False" />
                <line number="276" hits="6" branch="False" />
                <line number="277" hits="6" branch="False" />
                <line number="278" hits="6" branch="False" />
                <line number="279" hits="6" branch="False" />
                <line number="280" hits="6" branch="False" />
                <line number="281" hits="6" branch="False" />
                <line number="282" hits="6" branch="False" />
                <line number="283" hits="6" branch="False" />
                <line number="284" hits="6" branch="False" />
                <line number="285" hits="6" branch="False" />
                <line number="286" hits="6" branch="False" />
                <line number="287" hits="6" branch="False" />
                <line number="288" hits="6" branch="False" />
                <line number="289" hits="6" branch="False" />
                <line number="290" hits="6" branch="False" />
                <line number="291" hits="6" branch="False" />
                <line number="292" hits="6" branch="False" />
                <line number="293" hits="6" branch="False" />
                <line number="294" hits="6" branch="False" />
                <line number="295" hits="6" branch="False" />
                <line number="296" hits="6" branch="False" />
                <line number="297" hits="6" branch="False" />
                <line number="298" hits="6" branch="False" />
                <line number="299" hits="6" branch="False" />
                <line number="300" hits="6" branch="False" />
                <line number="301" hits="6" branch="False" />
                <line number="302" hits="6" branch="False" />
                <line number="303" hits="6" branch="False" />
                <line number="304" hits="6" branch="False" />
                <line number="305" hits="6" branch="False" />
                <line number="306" hits="6" branch="False" />
                <line number="307" hits="6" branch="False" />
                <line number="308" hits="6" branch="False" />
                <line number="309" hits="6" branch="False" />
                <line number="310" hits="6" branch="False" />
                <line number="311" hits="6" branch="False" />
                <line number="312" hits="6" branch="False" />
                <line number="313" hits="6" branch="False" />
                <line number="314" hits="6" branch="False" />
                <line number="315" hits="6" branch="False" />
                <line number="316" hits="6" branch="False" />
                <line number="317" hits="6" branch="False" />
                <line number="318" hits="6" branch="False" />
                <line number="319" hits="6" branch="False" />
                <line number="320" hits="6" branch="False" />
                <line number="321" hits="6" branch="False" />
                <line number="322" hits="6" branch="False" />
                <line number="323" hits="6" branch="False" />
                <line number="324" hits="6" branch="False" />
                <line number="325" hits="6" branch="False" />
                <line number="326" hits="6" branch="False" />
                <line number="327" hits="6" branch="False" />
                <line number="328" hits="6" branch="False" />
                <line number="329" hits="6" branch="False" />
                <line number="330" hits="6" branch="False" />
                <line number="331" hits="6" branch="False" />
                <line number="332" hits="6" branch="False" />
                <line number="333" hits="6" branch="False" />
                <line number="334" hits="6" branch="False" />
                <line number="335" hits="6" branch="False" />
                <line number="336" hits="6" branch="False" />
                <line number="337" hits="6" branch="False" />
                <line number="338" hits="6" branch="False" />
                <line number="339" hits="6" branch="False" />
                <line number="340" hits="6" branch="False" />
                <line number="341" hits="6" branch="False" />
                <line number="342" hits="6" branch="False" />
                <line number="343" hits="6" branch="False" />
                <line number="344" hits="6" branch="False" />
                <line number="345" hits="6" branch="False" />
                <line number="346" hits="6" branch="False" />
                <line number="347" hits="6" branch="False" />
                <line number="348" hits="6" branch="False" />
                <line number="349" hits="6" branch="False" />
                <line number="350" hits="6" branch="False" />
                <line number="351" hits="6" branch="False" />
                <line number="352" hits="6" branch="False" />
                <line number="353" hits="6" branch="False" />
                <line number="354" hits="6" branch="False" />
                <line number="355" hits="6" branch="False" />
                <line number="356" hits="6" branch="False" />
                <line number="357" hits="6" branch="False" />
                <line number="358" hits="6" branch="False" />
                <line number="359" hits="6" branch="False" />
                <line number="360" hits="6" branch="False" />
                <line number="361" hits="6" branch="False" />
                <line number="362" hits="6" branch="False" />
                <line number="363" hits="6" branch="False" />
                <line number="364" hits="6" branch="False" />
                <line number="365" hits="6" branch="False" />
                <line number="366" hits="6" branch="False" />
                <line number="367" hits="6" branch="False" />
                <line number="368" hits="6" branch="False" />
                <line number="369" hits="6" branch="False" />
                <line number="370" hits="6" branch="False" />
                <line number="371" hits="6" branch="False" />
                <line number="372" hits="6" branch="False" />
                <line number="373" hits="6" branch="False" />
                <line number="374" hits="6" branch="False" />
                <line number="375" hits="6" branch="False" />
                <line number="376" hits="6" branch="False" />
                <line number="377" hits="6" branch="False" />
                <line number="378" hits="6" branch="False" />
                <line number="379" hits="6" branch="False" />
                <line number="380" hits="6" branch="False" />
                <line number="381" hits="6" branch="False" />
                <line number="382" hits="6" branch="False" />
                <line number="383" hits="6" branch="False" />
                <line number="384" hits="6" branch="False" />
                <line number="385" hits="6" branch="False" />
                <line number="386" hits="6" branch="False" />
                <line number="387" hits="6" branch="False" />
                <line number="388" hits="6" branch="False" />
                <line number="389" hits="6" branch="False" />
                <line number="390" hits="6" branch="False" />
                <line number="391" hits="6" branch="False" />
                <line number="392" hits="6" branch="False" />
                <line number="393" hits="6" branch="False" />
                <line number="394" hits="6" branch="False" />
                <line number="395" hits="6" branch="False" />
                <line number="396" hits="6" branch="False" />
                <line number="397" hits="6" branch="False" />
                <line number="398" hits="6" branch="False" />
                <line number="399" hits="6" branch="False" />
                <line number="400" hits="6" branch="False" />
                <line number="401" hits="6" branch="False" />
                <line number="402" hits="6" branch="False" />
                <line number="403" hits="6" branch="False" />
                <line number="404" hits="6" branch="False" />
                <line number="405" hits="6" branch="False" />
                <line number="406" hits="6" branch="False" />
                <line number="407" hits="6" branch="False" />
                <line number="408" hits="6" branch="False" />
                <line number="409" hits="6" branch="False" />
                <line number="410" hits="6" branch="False" />
                <line number="411" hits="6" branch="False" />
                <line number="412" hits="6" branch="False" />
                <line number="413" hits="6" branch="False" />
                <line number="414" hits="6" branch="False" />
                <line number="415" hits="6" branch="False" />
                <line number="416" hits="6" branch="False" />
                <line number="417" hits="6" branch="False" />
                <line number="418" hits="6" branch="False" />
                <line number="419" hits="6" branch="False" />
                <line number="420" hits="6" branch="False" />
                <line number="421" hits="6" branch="False" />
                <line number="422" hits="6" branch="False" />
                <line number="423" hits="6" branch="False" />
                <line number="424" hits="6" branch="False" />
                <line number="425" hits="6" branch="False" />
                <line number="426" hits="6" branch="False" />
                <line number="427" hits="6" branch="False" />
                <line number="428" hits="6" branch="False" />
                <line number="429" hits="6" branch="False" />
                <line number="430" hits="6" branch="False" />
                <line number="431" hits="6" branch="False" />
                <line number="432" hits="6" branch="False" />
                <line number="433" hits="6" branch="False" />
                <line number="434" hits="6" branch="False" />
                <line number="435" hits="6" branch="False" />
                <line number="436" hits="6" branch="False" />
                <line number="437" hits="6" branch="False" />
                <line number="438" hits="6" branch="False" />
                <line number="439" hits="6" branch="False" />
                <line number="440" hits="6" branch="False" />
                <line number="441" hits="6" branch="False" />
                <line number="442" hits="6" branch="False" />
                <line number="443" hits="6" branch="False" />
                <line number="444" hits="6" branch="False" />
                <line number="445" hits="6" branch="False" />
                <line number="446" hits="6" branch="False" />
                <line number="447" hits="6" branch="False" />
                <line number="448" hits="6" branch="False" />
                <line number="449" hits="6" branch="False" />
                <line number="450" hits="6" branch="False" />
                <line number="451" hits="6" branch="False" />
                <line number="452" hits="6" branch="False" />
                <line number="453" hits="6" branch="False" />
                <line number="454" hits="6" branch="False" />
                <line number="455" hits="6" branch="False" />
                <line number="456" hits="6" branch="False" />
                <line number="457" hits="6" branch="False" />
                <line number="458" hits="6" branch="False" />
                <line number="459" hits="6" branch="False" />
                <line number="460" hits="6" branch="False" />
                <line number="461" hits="6" branch="False" />
                <line number="462" hits="6" branch="False" />
                <line number="463" hits="6" branch="False" />
                <line number="464" hits="6" branch="False" />
                <line number="465" hits="6" branch="False" />
                <line number="466" hits="6" branch="False" />
                <line number="467" hits="6" branch="False" />
                <line number="468" hits="6" branch="False" />
                <line number="469" hits="6" branch="False" />
                <line number="470" hits="6" branch="False" />
                <line number="471" hits="6" branch="False" />
                <line number="472" hits="6" branch="False" />
                <line number="473" hits="6" branch="False" />
                <line number="474" hits="6" branch="False" />
                <line number="475" hits="6" branch="False" />
                <line number="476" hits="6" branch="False" />
                <line number="477" hits="6" branch="False" />
                <line number="478" hits="6" branch="False" />
                <line number="479" hits="6" branch="False" />
                <line number="480" hits="6" branch="False" />
                <line number="481" hits="6" branch="False" />
                <line number="482" hits="6" branch="False" />
                <line number="483" hits="6" branch="False" />
                <line number="484" hits="6" branch="False" />
                <line number="485" hits="6" branch="False" />
                <line number="486" hits="6" branch="False" />
                <line number="487" hits="6" branch="False" />
                <line number="488" hits="6" branch="False" />
                <line number="489" hits="6" branch="False" />
                <line number="490" hits="6" branch="False" />
                <line number="491" hits="6" branch="False" />
                <line number="492" hits="6" branch="False" />
                <line number="493" hits="6" branch="False" />
                <line number="494" hits="6" branch="False" />
                <line number="495" hits="6" branch="False" />
                <line number="496" hits="6" branch="False" />
                <line number="497" hits="6" branch="False" />
                <line number="498" hits="6" branch="False" />
                <line number="499" hits="6" branch="False" />
                <line number="500" hits="6" branch="False" />
                <line number="501" hits="6" branch="False" />
                <line number="502" hits="6" branch="False" />
                <line number="503" hits="6" branch="False" />
                <line number="504" hits="6" branch="False" />
                <line number="505" hits="6" branch="False" />
                <line number="506" hits="6" branch="False" />
                <line number="507" hits="6" branch="False" />
                <line number="508" hits="6" branch="False" />
                <line number="509" hits="6" branch="False" />
                <line number="510" hits="6" branch="False" />
                <line number="511" hits="6" branch="False" />
                <line number="512" hits="6" branch="False" />
                <line number="513" hits="6" branch="False" />
                <line number="514" hits="6" branch="False" />
                <line number="515" hits="6" branch="False" />
                <line number="516" hits="6" branch="False" />
                <line number="517" hits="6" branch="False" />
                <line number="518" hits="6" branch="False" />
                <line number="519" hits="6" branch="False" />
                <line number="520" hits="6" branch="False" />
                <line number="521" hits="6" branch="False" />
                <line number="522" hits="6" branch="False" />
                <line number="523" hits="6" branch="False" />
                <line number="524" hits="6" branch="False" />
                <line number="525" hits="6" branch="False" />
                <line number="526" hits="6" branch="False" />
                <line number="527" hits="6" branch="False" />
                <line number="528" hits="6" branch="False" />
                <line number="529" hits="6" branch="False" />
                <line number="530" hits="6" branch="False" />
                <line number="531" hits="6" branch="False" />
                <line number="532" hits="6" branch="False" />
                <line number="533" hits="6" branch="False" />
                <line number="534" hits="6" branch="False" />
                <line number="535" hits="6" branch="False" />
                <line number="536" hits="6" branch="False" />
                <line number="537" hits="6" branch="False" />
                <line number="538" hits="6" branch="False" />
                <line number="539" hits="6" branch="False" />
                <line number="540" hits="6" branch="False" />
                <line number="541" hits="6" branch="False" />
                <line number="542" hits="6" branch="False" />
                <line number="543" hits="6" branch="False" />
                <line number="544" hits="6" branch="False" />
                <line number="545" hits="6" branch="False" />
                <line number="546" hits="6" branch="False" />
                <line number="547" hits="6" branch="False" />
                <line number="548" hits="6" branch="False" />
                <line number="549" hits="6" branch="False" />
                <line number="550" hits="6" branch="False" />
                <line number="551" hits="6" branch="False" />
                <line number="552" hits="6" branch="False" />
                <line number="553" hits="6" branch="False" />
                <line number="554" hits="6" branch="False" />
                <line number="555" hits="6" branch="False" />
                <line number="556" hits="6" branch="False" />
                <line number="557" hits="6" branch="False" />
                <line number="558" hits="6" branch="False" />
                <line number="559" hits="6" branch="False" />
                <line number="560" hits="6" branch="False" />
                <line number="561" hits="6" branch="False" />
                <line number="562" hits="6" branch="False" />
                <line number="563" hits="6" branch="False" />
                <line number="564" hits="6" branch="False" />
                <line number="565" hits="6" branch="False" />
                <line number="566" hits="6" branch="False" />
                <line number="567" hits="6" branch="False" />
                <line number="568" hits="6" branch="False" />
                <line number="569" hits="6" branch="False" />
                <line number="570" hits="6" branch="False" />
                <line number="571" hits="6" branch="False" />
                <line number="572" hits="6" branch="False" />
                <line number="573" hits="6" branch="False" />
                <line number="574" hits="6" branch="False" />
                <line number="575" hits="6" branch="False" />
                <line number="576" hits="6" branch="False" />
                <line number="577" hits="6" branch="False" />
                <line number="578" hits="6" branch="False" />
                <line number="579" hits="6" branch="False" />
                <line number="580" hits="6" branch="False" />
                <line number="581" hits="6" branch="False" />
                <line number="582" hits="6" branch="False" />
                <line number="583" hits="6" branch="False" />
                <line number="584" hits="6" branch="False" />
                <line number="585" hits="6" branch="False" />
                <line number="586" hits="6" branch="False" />
                <line number="587" hits="6" branch="False" />
                <line number="588" hits="6" branch="False" />
                <line number="589" hits="6" branch="False" />
                <line number="590" hits="6" branch="False" />
                <line number="591" hits="6" branch="False" />
                <line number="592" hits="6" branch="False" />
                <line number="593" hits="6" branch="False" />
                <line number="594" hits="6" branch="False" />
                <line number="595" hits="6" branch="False" />
                <line number="596" hits="6" branch="False" />
                <line number="597" hits="6" branch="False" />
                <line number="598" hits="6" branch="False" />
                <line number="599" hits="6" branch="False" />
                <line number="600" hits="6" branch="False" />
                <line number="601" hits="6" branch="False" />
                <line number="602" hits="6" branch="False" />
                <line number="603" hits="6" branch="False" />
                <line number="605" hits="228" branch="False" />
                <line number="608" hits="450" branch="False" />
                <line number="609" hits="6" branch="False" />
              </lines>
            </method>
          </methods>
          <lines>
            <line number="611" hits="1" branch="False" />
            <line number="615" hits="1" branch="True" condition-coverage="50% (1/2)">
              <conditions>
                <condition number="14" type="jump" coverage="50%" />
              </conditions>
            </line>
            <line number="620" hits="43" branch="True" condition-coverage="100% (2/2)">
              <conditions>
                <condition number="6" type="jump" coverage="100%" />
              </conditions>
            </line>
            <line number="622" hits="2" branch="False" />
            <line number="625" hits="41" branch="True" condition-coverage="100% (2/2)">
              <conditions>
                <condition number="24" type="jump" coverage="100%" />
              </conditions>
            </line>
            <line number="20" hits="6" branch="False" />
            <line number="24" hits="6" branch="False" />
            <line number="25" hits="6" branch="False" />
            <line number="26" hits="6" branch="False" />
            <line number="27" hits="6" branch="False" />
            <line number="28" hits="6" branch="False" />
            <line number="29" hits="6" branch="False" />
            <line number="30" hits="6" branch="False" />
            <line number="31" hits="6" branch="False" />
            <line number="32" hits="6" branch="False" />
            <line number="33" hits="6" branch="False" />
            <line number="34" hits="6" branch="False" />
            <line number="35" hits="6" branch="False" />
            <line number="36" hits="6" branch="False" />
            <line number="37" hits="6" branch="False" />
            <line number="38" hits="6" branch="False" />
            <line number="39" hits="6" branch="False" />
            <line number="40" hits="6" branch="False" />
            <line number="41" hits="6" branch="False" />
            <line number="42" hits="6" branch="False" />
            <line number="43" hits="6" branch="False" />
            <line number="44" hits="6" branch="False" />
            <line number="45" hits="6" branch="False" />
            <line number="46" hits="6" branch="False" />
            <line number="47" hits="6" branch="False" />
            <line number="48" hits="6" branch="False" />
            <line number="49" hits="6" branch="False" />
            <line number="50" hits="6" branch="False" />
            <line number="51" hits="6" branch="False" />
            <line number="52" hits="6" branch="False" />
            <line number="53" hits="6" branch="False" />
            <line number="54" hits="6" branch="False" />
            <line number="55" hits="6" branch="False" />
            <line number="56" hits="6" branch="False" />
            <line number="57" hits="6" branch="False" />
            <line number="58" hits="6" branch="False" />
            <line number="59" hits="6" branch="False" />
            <line number="60" hits="6" branch="False" />
            <line number="61" hits="6" branch="False" />
            <line number="62" hits="6" branch="False" />
            <line number="63" hits="6" branch="False" />
            <line number="64" hits="6" branch="False" />
            <line number="65" hits="6" branch="False" />
            <line number="66" hits="6" branch="False" />
            <line number="67" hits="6" branch="False" />
            <line number="68" hits="6" branch="False" />
            <line number="69" hits="6" branch="False" />
            <line number="70" hits="6" branch="False" />
            <line number="71" hits="6" branch="False" />
            <line number="72" hits="6" branch="False" />
            <line number="73" hits="6" branch="False" />
            <line number="74" hits="6" branch="False" />
            <line number="75" hits="6" branch="False" />
            <line number="76" hits="6" branch="False" />
            <line number="77" hits="6" branch="False" />
            <line number="78" hits="6" branch="False" />
            <line number="79" hits="6" branch="False" />
            <line number="80" hits="6" branch="False" />
            <line number="81" hits="6" branch="False" />
            <line number="82" hits="6" branch="False" />
            <line number="83" hits="6" branch="False" />
            <line number="84" hits="6" branch="False" />
            <line number="85" hits="6" branch="False" />
            <line number="86" hits="6" branch="False" />
            <line number="87" hits="6" branch="False" />
            <line number="88" hits="6" branch="False" />
            <line number="89" hits="6" branch="False" />
            <line number="90" hits="6" branch="False" />
            <line number="91" hits="6" branch="False" />
            <line number="92" hits="6" branch="False" />
            <line number="93" hits="6" branch="False" />
            <line number="94" hits="6" branch="False" />
            <line number="95" hits="6" branch="False" />
            <line number="96" hits="6" branch="False" />
            <line number="97" hits="6" branch="False" />
            <line number="98" hits="6" branch="False" />
            <line number="99" hits="6" branch="False" />
            <line number="100" hits="6" branch="False" />
            <line number="101" hits="6" branch="False" />
            <line number="102" hits="6" branch="False" />
            <line number="103" hits="6" branch="False" />
            <line number="104" hits="6" branch="False" />
            <line number="105" hits="6" branch="False" />
            <line number="106" hits="6" branch="False" />
            <line number="107" hits="6" branch="False" />
            <line number="108" hits="6" branch="False" />
            <line number="109" hits="6" branch="False" />
            <line number="110" hits="6" branch="False" />
            <line number="111" hits="6" branch="False" />
            <line number="112" hits="6" branch="False" />
            <line number="113" hits="6" branch="False" />
            <line number="114" hits="6" branch="False" />
            <line number="115" hits="6" branch="False" />
            <line number="116" hits="6" branch="False" />
            <line number="117" hits="6" branch="False" />
            <line number="118" hits="6" branch="False" />
            <line number="119" hits="6" branch="False" />
            <line number="120" hits="6" branch="False" />
            <line number="121" hits="6" branch="False" />
            <line number="122" hits="6" branch="False" />
            <line number="123" hits="6" branch="False" />
            <line number="124" hits="6" branch="False" />
            <line number="125" hits="6" branch="False" />
            <line number="126" hits="6" branch="False" />
            <line number="127" hits="6" branch="False" />
            <line number="128" hits="6" branch="False" />
            <line number="129" hits="6" branch="False" />
            <line number="130" hits="6" branch="False" />
            <line number="131" hits="6" branch="False" />
            <line number="132" hits="6" branch="False" />
            <line number="133" hits="6" branch="False" />
            <line number="134" hits="6" branch="False" />
            <line number="135" hits="6" branch="False" />
            <line number="136" hits="6" branch="False" />
            <line number="137" hits="6" branch="False" />
            <line number="138" hits="6" branch="False" />
            <line number="139" hits="6" branch="False" />
            <line number="140" hits="6" branch="False" />
            <line number="141" hits="6" branch="False" />
            <line number="142" hits="6" branch="False" />
            <line number="143" hits="6" branch="False" />
            <line number="144" hits="6" branch="False" />
            <line number="145" hits="6" branch="False" />
            <line number="146" hits="6" branch="False" />
            <line number="147" hits="6" branch="False" />
            <line number="148" hits="6" branch="False" />
            <line number="149" hits="6" branch="False" />
            <line number="150" hits="6" branch="False" />
            <line number="151" hits="6" branch="False" />
            <line number="152" hits="6" branch="False" />
            <line number="153" hits="6" branch="False" />
            <line number="154" hits="6" branch="False" />
            <line number="155" hits="6" branch="False" />
            <line number="156" hits="6" branch="False" />
            <line number="157" hits="6" branch="False" />
            <line number="158" hits="6" branch="False" />
            <line number="159" hits="6" branch="False" />
            <line number="160" hits="6" branch="False" />
            <line number="161" hits="6" branch="False" />
            <line number="162" hits="6" branch="False" />
            <line number="163" hits="6" branch="False" />
            <line number="164" hits="6" branch="False" />
            <line number="165" hits="6" branch="False" />
            <line number="166" hits="6" branch="False" />
            <line number="167" hits="6" branch="False" />
            <line number="168" hits="6" branch="False" />
            <line number="169" hits="6" branch="False" />
            <line number="170" hits="6" branch="False" />
            <line number="171" hits="6" branch="False" />
            <line number="172" hits="6" branch="False" />
            <line number="173" hits="6" branch="False" />
            <line number="174" hits="6" branch="False" />
            <line number="175" hits="6" branch="False" />
            <line number="176" hits="6" branch="False" />
            <line number="177" hits="6" branch="False" />
            <line number="178" hits="6" branch="False" />
            <line number="179" hits="6" branch="False" />
            <line number="180" hits="6" branch="False" />
            <line number="181" hits="6" branch="False" />
            <line number="182" hits="6" branch="False" />
            <line number="183" hits="6" branch="False" />
            <line number="184" hits="6" branch="False" />
            <line number="185" hits="6" branch="False" />
            <line number="186" hits="6" branch="False" />
            <line number="187" hits="6" branch="False" />
            <line number="188" hits="6" branch="False" />
            <line number="189" hits="6" branch="False" />
            <line number="190" hits="6" branch="False" />
            <line number="191" hits="6" branch="False" />
            <line number="192" hits="6" branch="False" />
            <line number="193" hits="6" branch="False" />
            <line number="194" hits="6" branch="False" />
            <line number="195" hits="6" branch="False" />
            <line number="196" hits="6" branch="False" />
            <line number="197" hits="6" branch="False" />
            <line number="198" hits="6" branch="False" />
            <line number="199" hits="6" branch="False" />
            <line number="200" hits="6" branch="False" />
            <line number="201" hits="6" branch="False" />
            <line number="202" hits="6" branch="False" />
            <line number="203" hits="6" branch="False" />
            <line number="204" hits="6" branch="False" />
            <line number="205" hits="6" branch="False" />
            <line number="206" hits="6" branch="False" />
            <line number="207" hits="6" branch="False" />
            <line number="208" hits="6" branch="False" />
            <line number="209" hits="6" branch="False" />
            <line number="210" hits="6" branch="False" />
            <line number="211" hits="6" branch="False" />
            <line number="212" hits="6" branch="False" />
            <line number="213" hits="6" branch="False" />
            <line number="214" hits="6" branch="False" />
            <line number="215" hits="6" branch="False" />
            <line number="216" hits="6" branch="False" />
            <line number="217" hits="6" branch="False" />
            <line number="218" hits="6" branch="False" />
            <line number="219" hits="6" branch="False" />
            <line number="220" hits="6" branch="False" />
            <line number="221" hits="6" branch="False" />
            <line number="222" hits="6" branch="False" />
            <line number="223" hits="6" branch="False" />
            <line number="224" hits="6" branch="False" />
            <line number="225" hits="6" branch="False" />
            <line number="226" hits="6" branch="False" />
            <line number="227" hits="6" branch="False" />
            <line number="228" hits="6" branch="False" />
            <line number="229" hits="6" branch="False" />
            <line number="230" hits="6" branch="False" />
            <line number="231" hits="6" branch="False" />
            <line number="232" hits="6" branch="False" />
            <line number="233" hits="6" branch="False" />
            <line number="234" hits="6" branch="False" />
            <line number="235" hits="6" branch="False" />
            <line number="236" hits="6" branch="False" />
            <line number="237" hits="6" branch="False" />
            <line number="238" hits="6" branch="False" />
            <line number="239" hits="6" branch="False" />
            <line number="240" hits="6" branch="False" />
            <line number="241" hits="6" branch="False" />
            <line number="242" hits="6" branch="False" />
            <line number="243" hits="6" branch="False" />
            <line number="244" hits="6" branch="False" />
            <line number="245" hits="6" branch="False" />
            <line number="246" hits="6" branch="False" />
            <line number="247" hits="6" branch="False" />
            <line number="248" hits="6" branch="False" />
            <line number="249" hits="6" branch="False" />
            <line number="250" hits="6" branch="False" />
            <line number="251" hits="6" branch="False" />
            <line number="252" hits="6" branch="False" />
            <line number="253" hits="6" branch="False" />
            <line number="254" hits="6" branch="False" />
            <line number="255" hits="6" branch="False" />
            <line number="256" hits="6" branch="False" />
            <line number="257" hits="6" branch="False" />
            <line number="258" hits="6" branch="False" />
            <line number="259" hits="6" branch="False" />
            <line number="260" hits="6" branch="False" />
            <line number="261" hits="6" branch="False" />
            <line number="262" hits="6" branch="False" />
            <line number="263" hits="6" branch="False" />
            <line number="264" hits="6" branch="False" />
            <line number="265" hits="6" branch="False" />
            <line number="266" hits="6" branch="False" />
            <line number="267" hits="6" branch="False" />
            <line number="268" hits="6" branch="False" />
            <line number="269" hits="6" branch="False" />
            <line number="270" hits="6" branch="False" />
            <line number="271" hits="6" branch="False" />
            <line number="272" hits="6" branch="False" />
            <line number="273" hits="6" branch="False" />
            <line number="274" hits="6" branch="False" />
            <line number="275" hits="6" branch="False" />
            <line number="276" hits="6" branch="False" />
            <line number="277" hits="6" branch="False" />
            <line number="278" hits="6" branch="False" />
            <line number="279" hits="6" branch="False" />
            <line number="280" hits="6" branch="False" />
            <line number="281" hits="6" branch="False" />
            <line number="282" hits="6" branch="False" />
            <line number="283" hits="6" branch="False" />
            <line number="284" hits="6" branch="False" />
            <line number="285" hits="6" branch="False" />
            <line number="286" hits="6" branch="False" />
            <line number="287" hits="6" branch="False" />
            <line number="288" hits="6" branch="False" />
            <line number="289" hits="6" branch="False" />
            <line number="290" hits="6" branch="False" />
            <line number="291" hits="6" branch="False" />
            <line number="292" hits="6" branch="False" />
            <line number="293" hits="6" branch="False" />
            <line number="294" hits="6" branch="False" />
            <line number="295" hits="6" branch="False" />
            <line number="296" hits="6" branch="False" />
            <line number="297" hits="6" branch="False" />
            <line number="298" hits="6" branch="False" />
            <line number="299" hits="6" branch="False" />
            <line number="300" hits="6" branch="False" />
            <line number="301" hits="6" branch="False" />
            <line number="302" hits="6" branch="False" />
            <line number="303" hits="6" branch="False" />
            <line number="304" hits="6" branch="False" />
            <line number="305" hits="6" branch="False" />
            <line number="306" hits="6" branch="False" />
            <line number="307" hits="6" branch="False" />
            <line number="308" hits="6" branch="False" />
            <line number="309" hits="6" branch="False" />
            <line number="310" hits="6" branch="False" />
            <line number="311" hits="6" branch="False" />
            <line number="312" hits="6" branch="False" />
            <line number="313" hits="6" branch="False" />
            <line number="314" hits="6" branch="False" />
            <line number="315" hits="6" branch="False" />
            <line number="316" hits="6" branch="False" />
            <line number="317" hits="6" branch="False" />
            <line number="318" hits="6" branch="False" />
            <line number="319" hits="6" branch="False" />
            <line number="320" hits="6" branch="False" />
            <line number="321" hits="6" branch="False" />
            <line number="322" hits="6" branch="False" />
            <line number="323" hits="6" branch="False" />
            <line number="324" hits="6" branch="False" />
            <line number="325" hits="6" branch="False" />
            <line number="326" hits="6" branch="False" />
            <line number="327" hits="6" branch="False" />
            <line number="328" hits="6" branch="False" />
            <line number="329" hits="6" branch="False" />
            <line number="330" hits="6" branch="False" />
            <line number="331" hits="6" branch="False" />
            <line number="332" hits="6" branch="False" />
            <line number="333" hits="6" branch="False" />
            <line number="334" hits="6" branch="False" />
            <line number="335" hits="6" branch="False" />
            <line number="336" hits="6" branch="False" />
            <line number="337" hits="6" branch="False" />
            <line number="338" hits="6" branch="False" />
            <line number="339" hits="6" branch="False" />
            <line number="340" hits="6" branch="False" />
            <line number="341" hits="6" branch="False" />
            <line number="342" hits="6" branch="False" />
            <line number="343" hits="6" branch="False" />
            <line number="344" hits="6" branch="False" />
            <line number="345" hits="6" branch="False" />
            <line number="346" hits="6" branch="False" />
            <line number="347" hits="6" branch="False" />
            <line number="348" hits="6" branch="False" />
            <line number="349" hits="6" branch="False" />
            <line number="350" hits="6" branch="False" />
            <line number="351" hits="6" branch="False" />
            <line number="352" hits="6" branch="False" />
            <line number="353" hits="6" branch="False" />
            <line number="354" hits="6" branch="False" />
            <line number="355" hits="6" branch="False" />
            <line number="356" hits="6" branch="False" />
            <line number="357" hits="6" branch="False" />
            <line number="358" hits="6" branch="False" />
            <line number="359" hits="6" branch="False" />
            <line number="360" hits="6" branch="False" />
            <line number="361" hits="6" branch="False" />
            <line number="362" hits="6" branch="False" />
            <line number="363" hits="6" branch="False" />
            <line number="364" hits="6" branch="False" />
            <line number="365" hits="6" branch="False" />
            <line number="366" hits="6" branch="False" />
            <line number="367" hits="6" branch="False" />
            <line number="368" hits="6" branch="False" />
            <line number="369" hits="6" branch="False" />
            <line number="370" hits="6" branch="False" />
            <line number="371" hits="6" branch="False" />
            <line number="372" hits="6" branch="False" />
            <line number="373" hits="6" branch="False" />
            <line number="374" hits="6" branch="False" />
            <line number="375" hits="6" branch="False" />
            <line number="376" hits="6" branch="False" />
            <line number="377" hits="6" branch="False" />
            <line number="378" hits="6" branch="False" />
            <line number="379" hits="6" branch="False" />
            <line number="380" hits="6" branch="False" />
            <line number="381" hits="6" branch="False" />
            <line number="382" hits="6" branch="False" />
            <line number="383" hits="6" branch="False" />
            <line number="384" hits="6" branch="False" />
            <line number="385" hits="6" branch="False" />
            <line number="386" hits="6" branch="False" />
            <line number="387" hits="6" branch="False" />
            <line number="388" hits="6" branch="False" />
            <line number="389" hits="6" branch="False" />
            <line number="390" hits="6" branch="False" />
            <line number="391" hits="6" branch="False" />
            <line number="392" hits="6" branch="False" />
            <line number="393" hits="6" branch="False" />
            <line number="394" hits="6" branch="False" />
            <line number="395" hits="6" branch="False" />
            <line number="396" hits="6" branch="False" />
            <line number="397" hits="6" branch="False" />
            <line number="398" hits="6" branch="False" />
            <line number="399" hits="6" branch="False" />
            <line number="400" hits="6" branch="False" />
            <line number="401" hits="6" branch="False" />
            <line number="402" hits="6" branch="False" />
            <line number="403" hits="6" branch="False" />
            <line number="404" hits="6" branch="False" />
            <line number="405" hits="6" branch="False" />
            <line number="406" hits="6" branch="False" />
            <line number="407" hits="6" branch="False" />
            <line number="408" hits="6" branch="False" />
            <line number="409" hits="6" branch="False" />
            <line number="410" hits="6" branch="False" />
            <line number="411" hits="6" branch="False" />
            <line number="412" hits="6" branch="False" />
            <line number="413" hits="6" branch="False" />
            <line number="414" hits="6" branch="False" />
            <line number="415" hits="6" branch="False" />
            <line number="416" hits="6" branch="False" />
            <line number="417" hits="6" branch="False" />
            <line number="418" hits="6" branch="False" />
            <line number="419" hits="6" branch="False" />
            <line number="420" hits="6" branch="False" />
            <line number="421" hits="6" branch="False" />
            <line number="422" hits="6" branch="False" />
            <line number="423" hits="6" branch="False" />
            <line number="424" hits="6" branch="False" />
            <line number="425" hits="6" branch="False" />
            <line number="426" hits="6" branch="False" />
            <line number="427" hits="6" branch="False" />
            <line number="428" hits="6" branch="False" />
            <line number="429" hits="6" branch="False" />
            <line number="430" hits="6" branch="False" />
            <line number="431" hits="6" branch="False" />
            <line number="432" hits="6" branch="False" />
            <line number="433" hits="6" branch="False" />
            <line number="434" hits="6" branch="False" />
            <line number="435" hits="6" branch="False" />
            <line number="436" hits="6" branch="False" />
            <line number="437" hits="6" branch="False" />
            <line number="438" hits="6" branch="False" />
            <line number="439" hits="6" branch="False" />
            <line number="440" hits="6" branch="False" />
            <line number="441" hits="6" branch="False" />
            <line number="442" hits="6" branch="False" />
            <line number="443" hits="6" branch="False" />
            <line number="444" hits="6" branch="False" />
            <line number="445" hits="6" branch="False" />
            <line number="446" hits="6" branch="False" />
            <line number="447" hits="6" branch="False" />
            <line number="448" hits="6" branch="False" />
            <line number="449" hits="6" branch="False" />
            <line number="450" hits="6" branch="False" />
            <line number="451" hits="6" branch="False" />
            <line number="452" hits="6" branch="False" />
            <line number="453" hits="6" branch="False" />
            <line number="454" hits="6" branch="False" />
            <line number="455" hits="6" branch="False" />
            <line number="456" hits="6" branch="False" />
            <line number="457" hits="6" branch="False" />
            <line number="458" hits="6" branch="False" />
            <line number="459" hits="6" branch="False" />
            <line number="460" hits="6" branch="False" />
            <line number="461" hits="6" branch="False" />
            <line number="462" hits="6" branch="False" />
            <line number="463" hits="6" branch="False" />
            <line number="464" hits="6" branch="False" />
            <line number="465" hits="6" branch="False" />
            <line number="466" hits="6" branch="False" />
            <line number="467" hits="6" branch="False" />
            <line number="468" hits="6" branch="False" />
            <line number="469" hits="6" branch="False" />
            <line number="470" hits="6" branch="False" />
            <line number="471" hits="6" branch="False" />
            <line number="472" hits="6" branch="False" />
            <line number="473" hits="6" branch="False" />
            <line number="474" hits="6" branch="False" />
            <line number="475" hits="6" branch="False" />
            <line number="476" hits="6" branch="False" />
            <line number="477" hits="6" branch="False" />
            <line number="478" hits="6" branch="False" />
            <line number="479" hits="6" branch="False" />
            <line number="480" hits="6" branch="False" />
            <line number="481" hits="6" branch="False" />
            <line number="482" hits="6" branch="False" />
            <line number="483" hits="6" branch="False" />
            <line number="484" hits="6" branch="False" />
            <line number="485" hits="6" branch="False" />
            <line number="486" hits="6" branch="False" />
            <line number="487" hits="6" branch="False" />
            <line number="488" hits="6" branch="False" />
            <line number="489" hits="6" branch="False" />
            <line number="490" hits="6" branch="False" />
            <line number="491" hits="6" branch="False" />
            <line number="492" hits="6" branch="False" />
            <line number="493" hits="6" branch="False" />
            <line number="494" hits="6" branch="False" />
            <line number="495" hits="6" branch="False" />
            <line number="496" hits="6" branch="False" />
            <line number="497" hits="6" branch="False" />
            <line number="498" hits="6" branch="False" />
            <line number="499" hits="6" branch="False" />
            <line number="500" hits="6" branch="False" />
            <line number="501" hits="6" branch="False" />
            <line number="502" hits="6" branch="False" />
            <line number="503" hits="6" branch="False" />
            <line number="504" hits="6" branch="False" />
            <line number="505" hits="6" branch="False" />
            <line number="506" hits="6" branch="False" />
            <line number="507" hits="6" branch="False" />
            <line number="508" hits="6" branch="False" />
            <line number="509" hits="6" branch="False" />
            <line number="510" hits="6" branch="False" />
            <line number="511" hits="6" branch="False" />
            <line number="512" hits="6" branch="False" />
            <line number="513" hits="6" branch="False" />
            <line number="514" hits="6" branch="False" />
            <line number="515" hits="6" branch="False" />
            <line number="516" hits="6" branch="False" />
            <line number="517" hits="6" branch="False" />
            <line number="518" hits="6" branch="False" />
            <line number="519" hits="6" branch="False" />
            <line number="520" hits="6" branch="False" />
            <line number="521" hits="6" branch="False" />
            <line number="522" hits="6" branch="False" />
            <line number="523" hits="6" branch="False" />
            <line number="524" hits="6" branch="False" />
            <line number="525" hits="6" branch="False" />
            <line number="526" hits="6" branch="False" />
            <line number="527" hits="6" branch="False" />
            <line number="528" hits="6" branch="False" />
            <line number="529" hits="6" branch="False" />
            <line number="530" hits="6" branch="False" />
            <line number="531" hits="6" branch="False" />
            <line number="532" hits="6" branch="False" />
            <line number="533" hits="6" branch="False" />
            <line number="534" hits="6" branch="False" />
            <line number="535" hits="6" branch="False" />
            <line number="536" hits="6" branch="False" />
            <line number="537" hits="6" branch="False" />
            <line number="538" hits="6" branch="False" />
            <line number="539" hits="6" branch="False" />
            <line number="540" hits="6" branch="False" />
            <line number="541" hits="6" branch="False" />
            <line number="542" hits="6" branch="False" />
            <line number="543" hits="6" branch="False" />
            <line number="544" hits="6" branch="False" />
            <line number="545" hits="6" branch="False" />
            <line number="546" hits="6" branch="False" />
            <line number="547" hits="6" branch="False" />
            <line number="548" hits="6" branch="False" />
            <line number="549" hits="6" branch="False" />
            <line number="550" hits="6" branch="False" />
            <line number="551" hits="6" branch="False" />
            <line number="552" hits="6" branch="False" />
            <line number="553" hits="6" branch="False" />
            <line number="554" hits="6" branch="False" />
            <line number="555" hits="6" branch="False" />
            <line number="556" hits="6" branch="False" />
            <line number="557" hits="6" branch="False" />
            <line number="558" hits="6" branch="False" />
            <line number="559" hits="6" branch="False" />
            <line number="560" hits="6" branch="False" />
            <line number="561" hits="6" branch="False" />
            <line number="562" hits="6" branch="False" />
            <line number="563" hits="6" branch="False" />
            <line number="564" hits="6" branch="False" />
            <line number="565" hits="6" branch="False" />
            <line number="566" hits="6" branch="False" />
            <line number="567" hits="6" branch="False" />
            <line number="568" hits="6" branch="False" />
            <line number="569" hits="6" branch="False" />
            <line number="570" hits="6" branch="False" />
            <line number="571" hits="6" branch="False" />
            <line number="572" hits="6" branch="False" />
            <line number="573" hits="6" branch="False" />
            <line number="574" hits="6" branch="False" />
            <line number="575" hits="6" branch="False" />
            <line number="576" hits="6" branch="False" />
            <line number="577" hits="6" branch="False" />
            <line number="578" hits="6" branch="False" />
            <line number="579" hits="6" branch="False" />
            <line number="580" hits="6" branch="False" />
            <line number="581" hits="6" branch="False" />
            <line number="582" hits="6" branch="False" />
            <line number="583" hits="6" branch="False" />
            <line number="584" hits="6" branch="False" />
            <line number="585" hits="6" branch="False" />
            <line number="586" hits="6" branch="False" />
            <line number="587" hits="6" branch="False" />
            <line number="588" hits="6" branch="False" />
            <line number="589" hits="6" branch="False" />
            <line number="590" hits="6" branch="False" />
            <line number="591" hits="6" branch="False" />
            <line number="592" hits="6" branch="False" />
            <line number="593" hits="6" branch="False" />
            <line number="594" hits="6" branch="False" />
            <line number="595" hits="6" branch="False" />
            <line number="596" hits="6" branch="False" />
            <line number="597" hits="6" branch="False" />
            <line number="598" hits="6" branch="False" />
            <line number="599" hits="6" branch="False" />
            <line number="600" hits="6" branch="False" />
            <line number="601" hits="6" branch="False" />
            <line number="602" hits="6" branch="False" />
            <line number="603" hits="6" branch="False" />
            <line number="605" hits="228" branch="False" />
            <line number="608" hits="450" branch="False" />
            <line number="609" hits="6" branch="False" />
          </lines>
        </class>
        <class name="Runewire.Core.Infrastructure.Recipes.DefaultRecipeLoaderProvider" filename="Runewire.Core.Infrastructure\Recipes\DefaultRecipeLoaderProvider.cs" line-rate="0" branch-rate="1" complexity="1">
          <methods>
            <method name="Create" signature="(System.String)" line-rate="0" branch-rate="1" complexity="1">
              <lines>
                <line number="8" hits="0" branch="False" />
              </lines>
            </method>
          </methods>
          <lines>
            <line number="8" hits="0" branch="False" />
          </lines>
        </class>
        <class name="Runewire.Core.Infrastructure.Recipes.JsonRecipeLoader" filename="Runewire.Core.Infrastructure\Recipes\JsonRecipeLoader.cs" line-rate="0.7777" branch-rate="0.5" complexity="11">
          <methods>
            <method name="LoadFromString" signature="(System.String)" line-rate="0.9" branch-rate="0.5" complexity="2">
              <lines>
                <line number="23" hits="8" branch="False" />
                <line number="29" hits="8" branch="False" />
                <line number="30" hits="7" branch="False" />
                <line number="31" hits="1" branch="False" />
                <line number="33" hits="1" branch="False" />
                <line number="36" hits="7" branch="True" condition-coverage="50% (1/2)">
                  <conditions>
                    <condition number="40" type="jump" coverage="50%" />
                  </conditions>
                </line>
                <line number="38" hits="0" branch="False" />
                <line number="41" hits="7" branch="False" />
                <line number="43" hits="6" branch="False" />
                <line number="44" hits="4" branch="False" />
              </lines>
            </method>
            <method name="LoadFromFile" signature="(System.String)" line-rate="0.6111" branch-rate="0.5" complexity="6">
              <lines>
                <line number="49" hits="1" branch="True" condition-coverage="50% (1/2)">
                  <conditions>
                    <condition number="6" type="jump" coverage="50%" />
                  </conditions>
                </line>
                <line number="51" hits="0" branch="False" />
                <line number="54" hits="1" branch="True" condition-coverage="50% (1/2)">
                  <conditions>
                    <condition number="30" type="jump" coverage="50%" />
                  </conditions>
                </line>
                <line number="56" hits="0" branch="False" />
                <line number="62" hits="1" branch="False" />
                <line number="63" hits="1" branch="False" />
                <line number="64" hits="0" branch="False" />
                <line number="66" hits="0" branch="False" />
                <line number="73" hits="1" branch="False" />
                <line number="74" hits="1" branch="False" />
                <line number="75" hits="0" branch="False" />
                <line number="77" hits="0" branch="False" />
                <line number="80" hits="1" branch="True" condition-coverage="50% (1/2)">
                  <conditions>
                    <condition number="111" type="jump" coverage="50%" />
                  </conditions>
                </line>
                <line number="82" hits="0" branch="False" />
                <line number="85" hits="1" branch="False" />
                <line number="86" hits="1" branch="False" />
                <line number="87" hits="1" branch="False" />
                <line number="88" hits="1" branch="False" />
              </lines>
            </method>
            <method name=".ctor" signature="(Runewire.Domain.Validation.IRecipeValidator)" line-rate="1" branch-rate="0.5" complexity="2">
              <lines>
                <line number="10" hits="11" branch="False" />
                <line number="19" hits="11" branch="True" condition-coverage="50% (1/2)">
                  <conditions>
                    <condition number="3" type="jump" coverage="50%" />
                  </conditions>
                </line>
              </lines>
            </method>
            <method name=".cctor" signature="()" line-rate="1" branch-rate="1" complexity="1">
              <lines>
                <line number="12" hits="1" branch="False" />
                <line number="13" hits="1" branch="False" />
                <line number="14" hits="1" branch="False" />
                <line number="15" hits="1" branch="False" />
                <line number="16" hits="1" branch="False" />
                <line number="17" hits="1" branch="False" />
              </lines>
            </method>
          </methods>
          <lines>
            <line number="23" hits="8" branch="False" />
            <line number="29" hits="8" branch="False" />
            <line number="30" hits="7" branch="False" />
            <line number="31" hits="1" branch="False" />
            <line number="33" hits="1" branch="False" />
            <line number="36" hits="7" branch="True" condition-coverage="50% (1/2)">
              <conditions>
                <condition number="40" type="jump" coverage="50%" />
              </conditions>
            </line>
            <line number="38" hits="0" branch="False" />
            <line number="41" hits="7" branch="False" />
            <line number="43" hits="6" branch="False" />
            <line number="44" hits="4" branch="False" />
            <line number="49" hits="1" branch="True" condition-coverage="50% (1/2)">
              <conditions>
                <condition number="6" type="jump" coverage="50%" />
              </conditions>
            </line>
            <line number="51" hits="0" branch="False" />
            <line number="54" hits="1" branch="True" condition-coverage="50% (1/2)">
              <conditions>
                <condition number="30" type="jump" coverage="50%" />
              </conditions>
            </line>
[...]
                <condition number="167" type="jump" coverage="50%" />
              </conditions>
            </line>
            <line number="48" hits="576" branch="True" condition-coverage="50% (1/2)">
              <conditions>
                <condition number="213" type="jump" coverage="50%" />
              </conditions>
            </line>
            <line number="50" hits="0" branch="False" />
            <line number="53" hits="222" branch="False" />
            <line number="54" hits="222" branch="False" />
            <line number="55" hits="222" branch="False" />
            <line number="56" hits="222" branch="False" />
            <line number="57" hits="222" branch="False" />
            <line number="58" hits="222" branch="False" />
            <line number="59" hits="222" branch="False" />
            <line number="60" hits="222" branch="False" />
            <line number="61" hits="222" branch="False" />
            <line number="62" hits="222" branch="False" />
            <line number="63" hits="222" branch="True" condition-coverage="50% (1/2)">
              <conditions>
                <condition number="314" type="jump" coverage="50%" />
              </conditions>
            </line>
            <line number="64" hits="222" branch="False" />
          </lines>
        </class>
        <class name="Runewire.Domain.Techniques.TechniqueParameter" filename="Runewire.Domain\Techniques\TechniqueParameter.cs" line-rate="0.5714" branch-rate="0.6666" complexity="10">
          <methods>
            <method name="get_Name" signature="()" line-rate="0" branch-rate="1" complexity="1">
              <lines>
                <line number="26" hits="0" branch="False" />
              </lines>
            </method>
            <method name="get_Description" signature="()" line-rate="0" branch-rate="1" complexity="1">
              <lines>
                <line number="28" hits="0" branch="False" />
              </lines>
            </method>
            <method name="get_Required" signature="()" line-rate="0" branch-rate="1" complexity="1">
              <lines>
                <line number="30" hits="0" branch="False" />
              </lines>
            </method>
            <method name="get_DataType" signature="()" line-rate="0" branch-rate="1" complexity="1">
              <lines>
                <line number="32" hits="0" branch="False" />
              </lines>
            </method>
            <method name=".ctor" signature="(System.String,System.String,System.Boolean,System.String)" line-rate="0.8" branch-rate="0.6666" complexity="6">
              <lines>
                <line number="8" hits="354" branch="False" />
                <line number="10" hits="354" branch="True" condition-coverage="50% (1/2)">
                  <conditions>
                    <condition number="12" type="jump" coverage="50%" />
                  </conditions>
                </line>
                <line number="12" hits="0" branch="False" />
                <line number="15" hits="354" branch="True" condition-coverage="50% (1/2)">
                  <conditions>
                    <condition number="36" type="jump" coverage="50%" />
                  </conditions>
                </line>
                <line number="17" hits="0" branch="False" />
                <line number="20" hits="354" branch="False" />
                <line number="21" hits="354" branch="False" />
                <line number="22" hits="354" branch="False" />
                <line number="23" hits="354" branch="True" condition-coverage="100% (2/2)">
                  <conditions>
                    <condition number="79" type="jump" coverage="100%" />
                  </conditions>
                </line>
                <line number="24" hits="354" branch="False" />
              </lines>
            </method>
          </methods>
          <lines>
            <line number="26" hits="0" branch="False" />
            <line number="28" hits="0" branch="False" />
            <line number="30" hits="0" branch="False" />
            <line number="32" hits="0" branch="False" />
            <line number="8" hits="354" branch="False" />
            <line number="10" hits="354" branch="True" condition-coverage="50% (1/2)">
              <conditions>
                <condition number="12" type="jump" coverage="50%" />
              </conditions>
            </line>
            <line number="12" hits="0" branch="False" />
            <line number="15" hits="354" branch="True" condition-coverage="50% (1/2)">
              <conditions>
                <condition number="36" type="jump" coverage="50%" />
              </conditions>
            </line>
            <line number="17" hits="0" branch="False" />
            <line number="20" hits="354" branch="False" />
            <line number="21" hits="354" branch="False" />
            <line number="22" hits="354" branch="False" />
            <line number="23" hits="354" branch="True" condition-coverage="100% (2/2)">
              <conditions>
                <condition number="79" type="jump" coverage="100%" />
              </conditions>
            </line>
            <line number="24" hits="354" branch="False" />
          </lines>
        </class>
        <class name="Runewire.Domain.Recipes.InjectionTechnique" filename="Runewire.Domain\Recipes\InjectionTechnique.cs" line-rate="1" branch-rate="1" complexity="1">
          <methods>
            <method name="get_Name" signature="()" line-rate="1" branch-rate="1" complexity="1">
              <lines>
                <line number="7" hits="38" branch="False" />
              </lines>
            </method>
          </methods>
          <lines>
            <line number="7" hits="38" branch="False" />
          </lines>
        </class>
        <class name="Runewire.Domain.Recipes.RecipeStep" filename="Runewire.Domain\Recipes\RecipeStep.cs" line-rate="0.36" branch-rate="1" complexity="12">
          <methods>
            <method name="get_Kind" signature="()" line-rate="1" branch-rate="1" complexity="1">
              <lines>
                <line number="8" hits="12" branch="False" />
              </lines>
            </method>
            <method name="get_TechniqueName" signature="()" line-rate="1" branch-rate="1" complexity="1">
              <lines>
                <line number="10" hits="10" branch="False" />
              </lines>
            </method>
            <method name="get_TechniqueParameters" signature="()" line-rate="1" branch-rate="1" complexity="1">
              <lines>
                <line number="12" hits="4" branch="False" />
              </lines>
            </method>
            <method name="get_PayloadPath" signature="()" line-rate="1" branch-rate="1" complexity="1">
              <lines>
                <line number="14" hits="6" branch="False" />
              </lines>
            </method>
            <method name="get_WaitMilliseconds" signature="()" line-rate="1" branch-rate="1" complexity="1">
              <lines>
                <line number="16" hits="8" branch="False" />
              </lines>
            </method>
            <method name="get_Condition" signature="()" line-rate="1" branch-rate="1" complexity="1">
              <lines>
                <line number="18" hits="11" branch="False" />
              </lines>
            </method>
            <method name="Inject" signature="(System.String,System.String,System.Collections.Generic.IReadOnlyDictionary`2&lt;System.String,System.String&gt;)" line-rate="0" branch-rate="1" complexity="1">
              <lines>
                <line number="26" hits="0" branch="False" />
                <line number="27" hits="0" branch="False" />
                <line number="28" hits="0" branch="False" />
                <line number="29" hits="0" branch="False" />
                <line number="30" hits="0" branch="False" />
                <line number="31" hits="0" branch="False" />
              </lines>
            </method>
            <method name="Wait" signature="(System.Int32)" line-rate="0" branch-rate="1" complexity="1">
              <lines>
                <line number="34" hits="0" branch="False" />
                <line number="35" hits="0" branch="False" />
                <line number="36" hits="0" branch="False" />
                <line number="37" hits="0" branch="False" />
              </lines>
            </method>
            <method name="Suspend" signature="()" line-rate="0" branch-rate="1" complexity="1">
              <lines>
                <line number="39" hits="0" branch="False" />
              </lines>
            </method>
            <method name="Resume" signature="()" line-rate="0" branch-rate="1" complexity="1">
              <lines>
                <line number="41" hits="0" branch="False" />
              </lines>
            </method>
            <method name="WaitFor" signature="(Runewire.Domain.Recipes.WaitCondition)" line-rate="0" branch-rate="1" complexity="1">
              <lines>
                <line number="44" hits="0" branch="False" />
                <line number="45" hits="0" branch="False" />
                <line number="46" hits="0" branch="False" />
                <line number="47" hits="0" branch="False" />
              </lines>
            </method>
            <method name=".ctor" signature="(Runewire.Domain.Recipes.RecipeStepKind)" line-rate="1" branch-rate="1" complexity="1">
              <lines>
                <line number="20" hits="4" branch="False" />
                <line number="22" hits="4" branch="False" />
                <line number="23" hits="4" branch="False" />
              </lines>
            </method>
          </methods>
          <lines>
            <line number="8" hits="12" branch="False" />
            <line number="10" hits="10" branch="False" />
            <line number="12" hits="4" branch="False" />
            <line number="14" hits="6" branch="False" />
            <line number="16" hits="8" branch="False" />
            <line number="18" hits="11" branch="False" />
            <line number="26" hits="0" branch="False" />
            <line number="27" hits="0" branch="False" />
            <line number="28" hits="0" branch="False" />
            <line number="29" hits="0" branch="False" />
            <line number="30" hits="0" branch="False" />
            <line number="31" hits="0" branch="False" />
            <line number="34" hits="0" branch="False" />
            <line number="35" hits="0" branch="False" />
            <line number="36" hits="0" branch="False" />
            <line number="37" hits="0" branch="False" />
            <line number="39" hits="0" branch="False" />
            <line number="41" hits="0" branch="False" />
            <line number="44" hits="0" branch="False" />
            <line number="45" hits="0" branch="False" />
            <line number="46" hits="0" branch="False" />
            <line number="47" hits="0" branch="False" />
            <line number="20" hits="4" branch="False" />
            <line number="22" hits="4" branch="False" />
            <line number="23" hits="4" branch="False" />
          </lines>
        </class>
        <class name="Runewire.Domain.Recipes.RecipeTarget" filename="Runewire.Domain\Recipes\RecipeTarget.cs" line-rate="0.95" branch-rate="1" complexity="12">
          <methods>
            <method name="get_Kind" signature="()" line-rate="1" branch-rate="1" complexity="1">
              <lines>
                <line number="11" hits="34" branch="False" />
              </lines>
            </method>
            <method name="get_ProcessId" signature="()" line-rate="1" branch-rate="1" complexity="1">
              <lines>
                <line number="16" hits="18" branch="False" />
              </lines>
            </method>
            <method name="get_ProcessName" signature="()" line-rate="1" branch-rate="1" complexity="1">
              <lines>
                <line number="21" hits="28" branch="False" />
              </lines>
            </method>
            <method name="get_LaunchPath" signature="()" line-rate="1" branch-rate="1" complexity="1">
              <lines>
                <line number="26" hits="18" branch="False" />
              </lines>
            </method>
            <method name="get_LaunchArguments" signature="()" line-rate="1" branch-rate="1" complexity="1">
              <lines>
                <line number="31" hits="16" branch="False" />
              </lines>
            </method>
            <method name="get_LaunchWorkingDirectory" signature="()" line-rate="1" branch-rate="1" complexity="1">
              <lines>
                <line number="36" hits="16" branch="False" />
              </lines>
            </method>
            <method name="get_LaunchStartSuspended" signature="()" line-rate="1" branch-rate="1" complexity="1">
              <lines>
                <line number="41" hits="16" branch="False" />
              </lines>
            </method>
            <method name="Self" signature="()" line-rate="0" branch-rate="1" complexity="1">
              <lines>
                <line number="57" hits="0" branch="False" />
              </lines>
            </method>
            <method name="ForProcessId" signature="(System.Int32)" line-rate="1" branch-rate="1" complexity="1">
              <lines>
                <line number="62" hits="2" branch="False" />
              </lines>
            </method>
            <method name="ForProcessName" signature="(System.String)" line-rate="1" branch-rate="1" complexity="1">
              <lines>
                <line number="67" hits="10" branch="False" />
              </lines>
            </method>
            <method name="ForLaunchProcess" signature="(System.String,System.String,System.String,System.Boolean)" line-rate="1" branch-rate="1" complexity="1">
              <lines>
                <line number="73" hits="2" branch="False" />
              </lines>
            </method>
            <method name=".ctor" signature="(Runewire.Domain.Recipes.RecipeTargetKind,System.Nullable`1&lt;System.Int32&gt;,System.String,System.String,System.String,System.String,System.Boolean)" line-rate="1" branch-rate="1" complexity="1">
              <lines>
                <line number="43" hits="14" branch="False" />
                <line number="45" hits="14" branch="False" />
                <line number="46" hits="14" branch="False" />
                <line number="47" hits="14" branch="False" />
                <line number="48" hits="14" branch="False" />
                <line number="49" hits="14" branch="False" />
                <line number="50" hits="14" branch="False" />
                <line number="51" hits="14" branch="False" />
                <line number="52" hits="14" branch="False" />
              </lines>
            </method>
          </methods>
          <lines>
            <line number="11" hits="34" branch="False" />
            <line number="16" hits="18" branch="False" />
            <line number="21" hits="28" branch="False" />
            <line number="26" hits="18" branch="False" />
            <line number="31" hits="16" branch="False" />
            <line number="36" hits="16" branch="False" />
            <line number="41" hits="16" branch="False" />
            <line number="57" hits="0" branch="False" />
            <line number="62" hits="2" branch="False" />
            <line number="67" hits="10" branch="False" />
            <line number="73" hits="2" branch="False" />
            <line number="43" hits="14" branch="False" />
            <line number="45" hits="14" branch="False" />
            <line number="46" hits="14" branch="False" />
            <line number="47" hits="14" branch="False" />
            <line number="48" hits="14" branch="False" />
            <line number="49" hits="14" branch="False" />
            <line number="50" hits="14" branch="False" />
            <line number="51" hits="14" branch="False" />
            <line number="52" hits="14" branch="False" />
          </lines>
        </class>
        <class name="Runewire.Domain.Recipes.RunewireRecipe" filename="Runewire.Domain\Recipes\RunewireRecipe.cs" line-rate="1" branch-rate="1" complexity="9">
          <methods>
            <method name="get_Name" signature="()" line-rate="1" branch-rate="1" complexity="1">
              <lines>
                <line number="7" hits="30" branch="False" />
              </lines>
            </method>
            <method name="get_Description" signature="()" line-rate="1" branch-rate="1" complexity="1">
              <lines>
                <line number="8" hits="2" branch="False" />
              </lines>
            </method>
            <method name="get_Target" signature="()" line-rate="1" branch-rate="1" complexity="1">
              <lines>
                <line number="9" hits="48" branch="False" />
              </lines>
            </method>
            <method name="get_Technique" signature="()" line-rate="1" branch-rate="1" complexity="1">
              <lines>
                <line number="10" hits="22" branch="False" />
              </lines>
            </method>
            <method name="get_PayloadPath" signature="()" line-rate="1" branch-rate="1" complexity="1">
              <lines>
                <line number="11" hits="32" branch="False" />
              </lines>
            </method>
            <method name="get_RequireInteractiveConsent" signature="()" line-rate="1" branch-rate="1" complexity="1">
              <lines>
                <line number="12" hits="4" branch="False" />
              </lines>
            </method>
            <method name="get_AllowKernelDrivers" signature="()" line-rate="1" branch-rate="1" complexity="1">
              <lines>
                <line number="13" hits="16" branch="False" />
              </lines>
            </method>
            <method name="get_Steps" signature="()" line-rate="1" branch-rate="1" complexity="1">
              <lines>
                <line number="14" hits="31" branch="False" />
              </lines>
            </method>
            <method name=".ctor" signature="(System.String,System.String,Runewire.Domain.Recipes.RecipeTarget,Runewire.Domain.Recipes.InjectionTechnique,System.String,System.Boolean,System.Boolean,System.Collections.Generic.IReadOnlyList`1&lt;Runewire.Domain.Recipes.RecipeStep&gt;)" line-rate="1" branch-rate="1" complexity="1">
              <lines>
                <line number="6" hits="14" branch="False" />
                <line number="15" hits="14" branch="False" />
              </lines>
            </method>
          </methods>
          <lines>
            <line number="7" hits="30" branch="False" />
            <line number="8" hits="2" branch="False" />
            <line number="9" hits="48" branch="False" />
            <line number="10" hits="22" branch="False" />
            <line number="11" hits="32" branch="False" />
            <line number="12" hits="4" branch="False" />
            <line number="13" hits="16" branch="False" />
            <line number="14" hits="31" branch="False" />
            <line number="6" hits="14" branch="False" />
            <line number="15" hits="14" branch="False" />
          </lines>
        </class>
        <class name="Runewire.Domain.Recipes.WaitCondition" filename="Runewire.Domain\Recipes\WaitCondition.cs" line-rate="1" branch-rate="1" complexity="1">
          <methods>
            <method name="get_Kind" signature="()" line-rate="1" branch-rate="1" complexity="1">
              <lines>
                <line number="6" hits="8" branch="False" />
              </lines>
            </method>
          </methods>
          <lines>
            <line number="6" hits="8" branch="False" />
          </lines>
        </class>
      </classes>
    </package>
  </packages>
</coverage>